2018-02-26 16:13:05,157 INFO o.a.j.u.JMeterUtils: Setting Locale to en_US
2018-02-26 16:13:05,174 INFO o.a.j.JMeter: Loading user properties from: user.properties
2018-02-26 16:13:05,175 INFO o.a.j.JMeter: Loading system properties from: system.properties
2018-02-26 16:13:05,181 INFO o.a.j.JMeter: Copyright (c) 1998-2017 The Apache Software Foundation
2018-02-26 16:13:05,181 INFO o.a.j.JMeter: Version 3.2 r1790748
2018-02-26 16:13:05,181 INFO o.a.j.JMeter: java.version=1.8.0_151
2018-02-26 16:13:05,181 INFO o.a.j.JMeter: java.vm.name=Java HotSpot(TM) 64-Bit Server VM
2018-02-26 16:13:05,181 INFO o.a.j.JMeter: os.name=Windows 10
2018-02-26 16:13:05,181 INFO o.a.j.JMeter: os.arch=amd64
2018-02-26 16:13:05,181 INFO o.a.j.JMeter: os.version=10.0
2018-02-26 16:13:05,181 INFO o.a.j.JMeter: file.encoding=Cp1252
2018-02-26 16:13:05,182 INFO o.a.j.JMeter: Max memory     =5702680576
2018-02-26 16:13:05,182 INFO o.a.j.JMeter: Available Processors =4
2018-02-26 16:13:05,186 INFO o.a.j.JMeter: Default Locale=English (United States)
2018-02-26 16:13:05,187 INFO o.a.j.JMeter: JMeter  Locale=English (United States)
2018-02-26 16:13:05,187 INFO o.a.j.JMeter: JMeterHome=C:\Users\miroslav.nikolov\Documents\GitHub\wr-platform-tests\apache-jmeter-3.2
2018-02-26 16:13:05,187 INFO o.a.j.JMeter: user.dir  =C:\Users\miroslav.nikolov\Documents\GitHub\wr-platform-tests\apache-jmeter-3.2\bin
2018-02-26 16:13:05,187 INFO o.a.j.JMeter: PWD       =C:\Users\miroslav.nikolov\Documents\GitHub\wr-platform-tests\apache-jmeter-3.2\bin
2018-02-26 16:13:05,189 INFO o.a.j.JMeter: IP: 172.18.53.15 Name: EN709035 FullName: EN709035.endava.net
2018-02-26 16:13:05,371 INFO o.a.j.g.a.LookAndFeelCommand: Using look and feel: javax.swing.plaf.metal.MetalLookAndFeel [Metal, CrossPlatform]
2018-02-26 16:13:05,375 INFO o.a.j.JMeter: Loaded icon properties from org/apache/jmeter/images/icon.properties
2018-02-26 16:13:06,779 INFO o.a.j.e.u.CompoundVariable: Note: Function class names must contain the string: '.functions.'
2018-02-26 16:13:06,779 INFO o.a.j.e.u.CompoundVariable: Note: Function class names must not contain the string: '.gui.'
2018-02-26 16:13:07,535 WARN o.j.r.PluginManager: Found JAR conflict: C:\Users\miroslav.nikolov\Documents\GitHub\wr-platform-tests\apache-jmeter-3.2\lib\asm-5.2.jar and C:\Users\miroslav.nikolov\Documents\GitHub\wr-platform-tests\apache-jmeter-3.2\lib\asm-5.0.3.jar
2018-02-26 16:13:07,536 WARN o.j.r.PluginManager: Found JAR conflict: C:\Users\miroslav.nikolov\Documents\GitHub\wr-platform-tests\apache-jmeter-3.2\lib\json-path-2.2.0.jar and C:\Users\miroslav.nikolov\Documents\GitHub\wr-platform-tests\apache-jmeter-3.2\lib\json-path-2.1.0.jar
2018-02-26 16:13:07,536 WARN o.j.r.PluginManager: Found JAR conflict: C:\Users\miroslav.nikolov\Documents\GitHub\wr-platform-tests\apache-jmeter-3.2\lib\json-smart-2.3.jar and C:\Users\miroslav.nikolov\Documents\GitHub\wr-platform-tests\apache-jmeter-3.2\lib\json-smart-2.2.jar
2018-02-26 16:13:07,537 WARN o.j.r.PluginManager: Found JAR conflict: C:\Users\miroslav.nikolov\Documents\GitHub\wr-platform-tests\apache-jmeter-3.2\lib\ext\jmeter-debugger-0.6.jar and C:\Users\miroslav.nikolov\Documents\GitHub\wr-platform-tests\apache-jmeter-3.2\lib\ext\jmeter-debugger-0.3.jar
2018-02-26 16:13:07,537 WARN o.j.r.PluginManager: Found JAR conflict: C:\Users\miroslav.nikolov\Documents\GitHub\wr-platform-tests\apache-jmeter-3.2\lib\ext\jmeter-plugins-casutg-2.4.jar and C:\Users\miroslav.nikolov\Documents\GitHub\wr-platform-tests\apache-jmeter-3.2\lib\ext\jmeter-plugins-casutg-2.1.jar
2018-02-26 16:13:07,537 WARN o.j.r.PluginManager: Found JAR conflict: C:\Users\miroslav.nikolov\Documents\GitHub\wr-platform-tests\apache-jmeter-3.2\lib\ext\jmeter-plugins-manager-0.16.jar and C:\Users\miroslav.nikolov\Documents\GitHub\wr-platform-tests\apache-jmeter-3.2\lib\ext\jmeter-plugins-manager-0.13.jar
2018-02-26 16:13:07,537 WARN o.j.r.PluginManager: Found JAR conflict: C:\Users\miroslav.nikolov\Documents\GitHub\wr-platform-tests\apache-jmeter-3.2\lib\ext\jmeter-plugins-senseuploader-3.3.jar and C:\Users\miroslav.nikolov\Documents\GitHub\wr-platform-tests\apache-jmeter-3.2\lib\ext\jmeter-plugins-senseuploader-2.4.jar
2018-02-26 16:13:07,538 WARN o.j.r.PluginManager: Found JAR conflict: C:\Users\miroslav.nikolov\Documents\GitHub\wr-platform-tests\apache-jmeter-3.2\lib\ext\jmeter-plugins-tst-2.1.jar and C:\Users\miroslav.nikolov\Documents\GitHub\wr-platform-tests\apache-jmeter-3.2\lib\ext\jmeter-plugins-tst-2.0.jar
2018-02-26 16:13:07,538 WARN o.j.r.PluginManager: Found JAR conflict: C:\Users\miroslav.nikolov\Documents\GitHub\wr-platform-tests\apache-jmeter-3.2\lib\ext\jmeter-wssecurity-1.3.jar and C:\Users\miroslav.nikolov\Documents\GitHub\wr-platform-tests\apache-jmeter-3.2\lib\ext\jmeter-wssecurity-1.2.jar
2018-02-26 16:13:07,538 WARN o.j.r.PluginManager: Found JAR conflict: C:\Users\miroslav.nikolov\Documents\GitHub\wr-platform-tests\apache-jmeter-3.2\lib\ext\JMeterWebSocketSamplers-0.8.jar and C:\Users\miroslav.nikolov\Documents\GitHub\wr-platform-tests\apache-jmeter-3.2\lib\ext\JMeterWebSocketSamplers-0.11.1.jar
2018-02-26 16:13:09,432 WARN o.j.r.Plugin: Unable to load class: com.atlantbh.jmeter.plugins.oauth.OAuthSampler
java.lang.NoClassDefFoundError: org/apache/jmeter/protocol/http/sampler/HTTPSampler2
	at java.lang.ClassLoader.defineClass1(Native Method) ~[?:1.8.0_151]
	at java.lang.ClassLoader.defineClass(Unknown Source) ~[?:1.8.0_151]
	at java.security.SecureClassLoader.defineClass(Unknown Source) ~[?:1.8.0_151]
	at java.net.URLClassLoader.defineClass(Unknown Source) ~[?:1.8.0_151]
	at java.net.URLClassLoader.access$100(Unknown Source) ~[?:1.8.0_151]
	at java.net.URLClassLoader$1.run(Unknown Source) ~[?:1.8.0_151]
	at java.net.URLClassLoader$1.run(Unknown Source) ~[?:1.8.0_151]
	at java.security.AccessController.doPrivileged(Native Method) ~[?:1.8.0_151]
	at java.net.URLClassLoader.findClass(Unknown Source) ~[?:1.8.0_151]
	at java.lang.ClassLoader.loadClass(Unknown Source) ~[?:1.8.0_151]
	at java.lang.ClassLoader.loadClass(Unknown Source) ~[?:1.8.0_151]
	at org.jmeterplugins.repository.Plugin.getJARPath(Plugin.java:181) [jmeter-plugins-manager-0.13.jar:?]
	at org.jmeterplugins.repository.Plugin.detectInstalledPlugin(Plugin.java:95) [jmeter-plugins-manager-0.13.jar:?]
	at org.jmeterplugins.repository.Plugin.detectInstalled(Plugin.java:84) [jmeter-plugins-manager-0.13.jar:?]
	at org.jmeterplugins.repository.PluginManager.load(PluginManager.java:61) [jmeter-plugins-manager-0.13.jar:?]
	at org.jmeterplugins.repository.PluginManagerMenuItem.<init>(PluginManagerMenuItem.java:28) [jmeter-plugins-manager-0.13.jar:?]
	at org.jmeterplugins.repository.PluginManagerMenuCreator.getMenuItemsAtLocation(PluginManagerMenuCreator.java:22) [jmeter-plugins-manager-0.13.jar:?]
	at org.apache.jmeter.gui.util.JMeterMenuBar.addPluginsMenuItems(JMeterMenuBar.java:594) [ApacheJMeter_core.jar:3.2 r1790748]
	at org.apache.jmeter.gui.util.JMeterMenuBar.makeOptionsMenu(JMeterMenuBar.java:370) [ApacheJMeter_core.jar:3.2 r1790748]
	at org.apache.jmeter.gui.util.JMeterMenuBar.createMenuBar(JMeterMenuBar.java:268) [ApacheJMeter_core.jar:3.2 r1790748]
	at org.apache.jmeter.gui.util.JMeterMenuBar.<init>(JMeterMenuBar.java:164) [ApacheJMeter_core.jar:3.2 r1790748]
	at org.apache.jmeter.gui.MainFrame.init(MainFrame.java:510) [ApacheJMeter_core.jar:3.2 r1790748]
	at org.apache.jmeter.gui.MainFrame.<init>(MainFrame.java:240) [ApacheJMeter_core.jar:3.2 r1790748]
	at org.apache.jmeter.JMeter.startGui(JMeter.java:375) [ApacheJMeter_core.jar:3.2 r1790748]
	at org.apache.jmeter.JMeter.start(JMeter.java:519) [ApacheJMeter_core.jar:3.2 r1790748]
	at sun.reflect.NativeMethodAccessorImpl.invoke0(Native Method) ~[?:1.8.0_151]
	at sun.reflect.NativeMethodAccessorImpl.invoke(Unknown Source) ~[?:1.8.0_151]
	at sun.reflect.DelegatingMethodAccessorImpl.invoke(Unknown Source) ~[?:1.8.0_151]
	at java.lang.reflect.Method.invoke(Unknown Source) ~[?:1.8.0_151]
	at org.apache.jmeter.NewDriver.main(NewDriver.java:248) [ApacheJMeter.jar:3.2 r1790748]
Caused by: java.lang.ClassNotFoundException: org.apache.jmeter.protocol.http.sampler.HTTPSampler2
	at java.net.URLClassLoader.findClass(Unknown Source) ~[?:1.8.0_151]
	at java.lang.ClassLoader.loadClass(Unknown Source) ~[?:1.8.0_151]
	at java.lang.ClassLoader.loadClass(Unknown Source) ~[?:1.8.0_151]
	... 30 more
2018-02-26 16:13:09,659 INFO o.j.r.PluginManager: Plugins Status: [jpgc-graphs-basic=2.0, jpgc-graphs-additional=2.0, jpgc-autostop=0.1, blazemeter-debugger=0.3, jpgc-sense=2.4, netflix-cassandra=0.2-SNAPSHOT, jpgc-cmd=2.1, jpgc-graphs-composite=2.0, jpgc-csl=0.1, jpgc-functions=2.0, custom-soap=1.3, jpgc-casutg=2.1, jpgc-dbmon=0.1, jpgc-directory-listing=0.1, jpgc-graphs-dist=2.0, jpgc-dummy=0.2, jpgc-filterresults=2.1, jpgc-ffw=2.0, jpgc-ggl=2.0, bzm-hls=1.2, jpgc-httpraw=0.1, jpgc-sts=2.2, bzm-http2=1.0, jpgc-hadoop=2.0, jpgc-fifo=0.2, jpgc-jms=0.2, jpgc-jmxmon=0.2, jpgc-json=2.6, jpgc-graphs-vs=2.0, kafkameter=0.2.0, jpgc-lockfile=0.1, mqtt-sampler=0.0.1-SNAPSHOT, jpgc-mergeresults=2.1, jpgc-pde=0.1, bzm-parallel=0.2, jpgc-prmctl=0.3, jpgc-perfmon=2.1, jpgc-plugins-manager=0.13, jpgc-redis=0.2, jpgc-rotating-listener=0.1, ssh-sampler=1.1.1-SNAPSHOT, tilln-sshmon=1.0, jpgc-webdriver=1.4.0, jpgc-synthesis=2.1, jpgc-plancheck=2.2, jpgc-tst=2.0, jpgc-udp=0.3, jpgc-csvars=0.1, tilln-wssecurity=1.2, websocket-sampler=1.0.2-SNAPSHOT, websocket-samplers=0.11.1, jpgc-wsc=0.2, jpgc-xml=0.1, jpgc-xmpp=1.5.1, jmeter-core=3.2, jmeter-ftp=3.2, jmeter-http=3.2, jmeter-jdbc=3.2, jmeter-jms=3.2, jmeter-junit=3.2, jmeter-java=3.2, jmeter-ldap=3.2, jmeter-mail=3.2, jmeter-mongodb=3.2, jmeter-native=3.2, jmeter-tcp=3.2, jmeter-components=3.2, jpgc-standard=2.0]
2018-02-26 16:13:10,798 INFO o.a.j.p.h.s.HTTPSamplerBase: Parser for text/html is org.apache.jmeter.protocol.http.parser.LagartoBasedHtmlParser
2018-02-26 16:13:10,799 INFO o.a.j.p.h.s.HTTPSamplerBase: Parser for application/xhtml+xml is org.apache.jmeter.protocol.http.parser.LagartoBasedHtmlParser
2018-02-26 16:13:10,799 INFO o.a.j.p.h.s.HTTPSamplerBase: Parser for application/xml is org.apache.jmeter.protocol.http.parser.LagartoBasedHtmlParser
2018-02-26 16:13:10,799 INFO o.a.j.p.h.s.HTTPSamplerBase: Parser for text/xml is org.apache.jmeter.protocol.http.parser.LagartoBasedHtmlParser
2018-02-26 16:13:10,799 INFO o.a.j.p.h.s.HTTPSamplerBase: Parser for text/vnd.wap.wml is org.apache.jmeter.protocol.http.parser.RegexpHTMLParser
2018-02-26 16:13:10,799 INFO o.a.j.p.h.s.HTTPSamplerBase: Parser for text/css is org.apache.jmeter.protocol.http.parser.CssParser
2018-02-26 16:13:10,855 INFO o.a.j.s.SampleResult: Note: Sample TimeStamps are START times
2018-02-26 16:13:10,855 INFO o.a.j.s.SampleResult: sampleresult.default.encoding is set to ISO-8859-1
2018-02-26 16:13:10,855 INFO o.a.j.s.SampleResult: sampleresult.useNanoTime=true
2018-02-26 16:13:10,855 INFO o.a.j.s.SampleResult: sampleresult.nanoThreadSleep=5000
2018-02-26 16:13:12,096 WARN o.a.j.g.ObjectTableModel: Header count=13 but classes count=11
2018-02-26 16:13:12,096 WARN o.a.j.g.ObjectTableModel: Header count=13 but writeFunctor count=11
2018-02-26 16:13:12,617 INFO o.a.j.g.u.MenuFactory: Skipping org.apache.jmeter.assertions.BSFAssertion
2018-02-26 16:13:12,724 INFO o.a.j.g.u.MenuFactory: Skipping org.apache.jmeter.extractor.BSFPostProcessor
2018-02-26 16:13:12,756 INFO o.a.j.g.u.MenuFactory: Skipping org.apache.jmeter.modifiers.BSFPreProcessor
2018-02-26 16:13:13,141 INFO o.a.j.e.KeyToolUtils: keytool found at 'keytool'
2018-02-26 16:13:13,142 INFO o.a.j.p.h.p.ProxyControl: HTTP(S) Test Script Recorder SSL Proxy will use keys that support embedded 3rd party resources in file C:\Users\miroslav.nikolov\Documents\GitHub\wr-platform-tests\apache-jmeter-3.2\bin\proxyserver.jks
2018-02-26 16:13:13,351 INFO o.a.j.g.u.MenuFactory: Skipping org.apache.jmeter.protocol.java.sampler.BSFSampler
2018-02-26 16:13:13,389 INFO o.a.j.s.FileServer: Default base='C:\Users\miroslav.nikolov\Documents\GitHub\wr-platform-tests\apache-jmeter-3.2\bin'
2018-02-26 16:13:13,463 INFO o.a.j.g.u.MenuFactory: Skipping org.apache.jmeter.protocol.mongodb.config.MongoSourceElement
2018-02-26 16:13:13,464 INFO o.a.j.g.u.MenuFactory: Skipping org.apache.jmeter.protocol.mongodb.sampler.MongoScriptSampler
2018-02-26 16:13:13,470 WARN o.a.j.u.JMeterUtils: ERROR! Resource string not found: [mqtt_qos]
2018-02-26 16:13:13,470 WARN o.a.j.u.JMeterUtils: ERROR! Resource string not found: [mqtt_at_most_once]
2018-02-26 16:13:13,470 WARN o.a.j.u.JMeterUtils: ERROR! Resource string not found: [mqtt_at_least_once]
2018-02-26 16:13:13,470 WARN o.a.j.u.JMeterUtils: ERROR! Resource string not found: [mqtt_exactly_once]
2018-02-26 16:13:13,470 WARN o.a.j.u.JMeterUtils: ERROR! Resource string not found: [mqtt_client_types]
2018-02-26 16:13:13,470 WARN o.a.j.u.JMeterUtils: ERROR! Resource string not found: [mqtt_blocking_client]
2018-02-26 16:13:13,471 WARN o.a.j.u.JMeterUtils: ERROR! Resource string not found: [mqtt_async_client]
2018-02-26 16:13:13,471 WARN o.a.j.u.JMeterUtils: ERROR! Resource string not found: [mqtt_message_input_type]
2018-02-26 16:13:13,471 WARN o.a.j.u.JMeterUtils: ERROR! Resource string not found: [mqtt_message_input_type_text]
2018-02-26 16:13:13,471 WARN o.a.j.u.JMeterUtils: ERROR! Resource string not found: [mqtt_message_input_type_file]
2018-02-26 16:13:13,479 WARN o.a.j.u.JMeterUtils: ERROR! Resource string not found: [mqtt_qos]
2018-02-26 16:13:13,479 WARN o.a.j.u.JMeterUtils: ERROR! Resource string not found: [mqtt_at_most_once]
2018-02-26 16:13:13,479 WARN o.a.j.u.JMeterUtils: ERROR! Resource string not found: [mqtt_at_least_once]
2018-02-26 16:13:13,479 WARN o.a.j.u.JMeterUtils: ERROR! Resource string not found: [mqtt_exactly_once]
2018-02-26 16:13:13,479 WARN o.a.j.u.JMeterUtils: ERROR! Resource string not found: [mqtt_client_types]
2018-02-26 16:13:13,479 WARN o.a.j.u.JMeterUtils: ERROR! Resource string not found: [mqtt_blocking_client]
2018-02-26 16:13:13,479 WARN o.a.j.u.JMeterUtils: ERROR! Resource string not found: [mqtt_async_client]
2018-02-26 16:13:13,761 INFO o.a.j.g.u.MenuFactory: Skipping org.apache.jmeter.timers.BSFTimer
2018-02-26 16:13:13,793 INFO o.a.j.g.u.MenuFactory: Skipping org.apache.jmeter.visualizers.BSFListener
2018-02-26 16:13:17,296 INFO o.a.j.g.a.Load: Loading file: C:\Users\miroslav.nikolov\Documents\GitHub\wr-platform-tests\PAPISmokeRegressionStaging.jmx
2018-02-26 16:13:17,296 INFO o.a.j.s.FileServer: Set new base='C:\Users\miroslav.nikolov\Documents\GitHub\wr-platform-tests'
2018-02-26 16:13:17,411 INFO o.a.j.s.SaveService: Testplan (JMX) version: 2.2. Testlog (JTL) version: 2.2
2018-02-26 16:13:17,422 INFO o.a.j.s.SaveService: Using SaveService properties file encoding UTF-8
2018-02-26 16:13:17,424 INFO o.a.j.s.SaveService: Using SaveService properties version 3.2
2018-02-26 16:13:17,432 INFO o.a.j.s.SaveService: Loading file: C:\Users\miroslav.nikolov\Documents\GitHub\wr-platform-tests\PAPISmokeRegressionStaging.jmx
2018-02-26 16:13:19,814 INFO o.a.j.s.FileServer: Set new base='C:\Users\miroslav.nikolov\Documents\GitHub\wr-platform-tests'
2018-02-26 16:13:27,904 INFO o.a.j.e.StandardJMeterEngine: Running the test!
2018-02-26 16:13:27,905 INFO o.a.j.s.SampleEvent: List of sample_variables: []
2018-02-26 16:13:27,905 INFO o.a.j.s.SampleEvent: List of sample_variables: []
2018-02-26 16:13:27,946 WARN o.a.j.r.ResultCollector: Unexpected EOF trying to find XML end marker in C:\Users\miroslav.nikolov\Documents\GitHub\wr-platform-tests\apache-jmeter-3.2\bin\Response.xml
2018-02-26 16:13:27,948 WARN o.a.j.r.ResultCollector: Unexpected EOF trying to find XML end marker in C:\Users\miroslav.nikolov\Documents\GitHub\wr-platform-tests\apache-jmeter-3.2\bin\regresult.xml
2018-02-26 16:13:27,949 INFO o.a.j.g.u.JMeterMenuBar: setRunning(true, *local*)
2018-02-26 16:13:28,198 INFO o.a.j.e.StandardJMeterEngine: Starting ThreadGroup: 1 : Get Auth
2018-02-26 16:13:28,199 INFO o.a.j.e.StandardJMeterEngine: Starting 1 threads for group Get Auth.
2018-02-26 16:13:28,199 INFO o.a.j.e.StandardJMeterEngine: Thread will continue on error
2018-02-26 16:13:28,199 INFO o.a.j.t.ThreadGroup: Starting thread group... number=1 threads=1 ramp-up=1 perThread=1000.0 delayedStart=false
2018-02-26 16:13:28,242 INFO o.a.j.t.ThreadGroup: Started thread group number 1
2018-02-26 16:13:28,243 INFO o.a.j.e.StandardJMeterEngine: Waiting for thread group: Get Auth to finish before starting next group
2018-02-26 16:13:28,244 INFO o.a.j.t.JMeterThread: Thread started: Get Auth 1-1
2018-02-26 16:13:28,260 INFO o.a.j.p.h.s.HTTPHCAbstractImpl: Local host = EN709035
2018-02-26 16:13:28,263 INFO o.a.j.p.h.s.HTTPHC4Impl: HTTP request retry count = 0
2018-02-26 16:13:28,275 INFO o.a.j.p.h.s.LazySchemeSocketFactory: Setting up HTTPS TrustAll Socket Factory
2018-02-26 16:13:28,277 INFO o.a.j.u.JsseSSLManager: Using default SSL protocol: TLS
2018-02-26 16:13:28,277 INFO o.a.j.u.JsseSSLManager: SSL session context: per-thread
2018-02-26 16:13:28,282 INFO o.a.j.u.SSLManager: JmeterKeyStore Location:  type JKS
2018-02-26 16:13:28,282 INFO o.a.j.u.SSLManager: KeyStore created OK
2018-02-26 16:13:28,282 WARN o.a.j.u.SSLManager: Keystore file not found, loading empty keystore
2018-02-26 16:13:29,438 INFO o.a.j.t.JMeterThread: Thread is done: Get Auth 1-1
2018-02-26 16:13:29,438 INFO o.a.j.t.JMeterThread: Thread finished: Get Auth 1-1
2018-02-26 16:13:29,438 INFO o.a.j.e.StandardJMeterEngine: Starting ThreadGroup: 2 : [PA-5] Quote
2018-02-26 16:13:29,439 INFO o.a.j.e.StandardJMeterEngine: Starting 1 threads for group [PA-5] Quote.
2018-02-26 16:13:29,439 INFO o.a.j.e.StandardJMeterEngine: Thread will continue on error
2018-02-26 16:13:29,439 INFO2018-02-26 16:14:12,962 INFO o.a.j.g.a.Start: Stopping test
2018-02-26 16:14:12,979 INFO o.a.j.t.JMeterThread: Stopping: [PA-5] Quote 2-1
2018-02-26 16:14:12,979 WARN o.a.j.t.JMeterThread: Interrupting: [PA-5] Quote 2-1 sampler: PA-5-38 Invalid Receive amount -1
2018-02-26 16:14:12,983 INFO o.a.j.t.JMeterThread: Thread finished: [PA-5] Quote 2-1
2018-02-26 16:14:12,984 INFO o.a.j.e.StandardJMeterEngine: Test2018-02-26 16:14:31,186 INFO o.a.j.g.a.Start: Stopping test
2018-02-26 16:14:31,208 INFO o.a.j.t.JMeterThread: Stopping: [PA-5] Quote 2-1
2018-02-26 16:14:31,208 WARN o.a.j.t.JMeterThread: Interrupting: [PA-5] Quote 2-1 sampler: P2018-02-26 16:31:46,169 INFO o.a.j.e.StandardJMeterEngine: Running the test!
2018-02-26 16:31:46,172 INFO o.a.j.s.SampleEvent: List of sample_variables: []
2018-02-26 16:31:46,196 INFO o.a.j.g.u.JMeterMenuBar: setRunning(true, *local*)
2018-02-26 16:31:46,473 INFO o.a.j.e.StandardJMeterEngine: Starting ThreadGroup: 1 : Get Auth
2018-02-26 16:31:46,473 INFO o.a.j.e.StandardJMeterEngine: Starting 1 threads for 2018-02-26 16:33:27,185 INFO o.a.j.e.StandardJMeterEngine: Running the test!
2018-02-26 16:33:27,185 INFO o.a.j.s.SampleEvent: List of sample_variables: []
2018-02-26 16:33:27,201 WARN o.a.j.r.ResultCollector: Unexpected EOF trying to find XML end marker in C:\Users\miroslav.nikolov\Documents\GitHub\wr-platform-tests\apache-jmeter-3.2\bin\Response.xml
2018-02-26 16:33:27,201 WARN o.a.j.r.ResultCollector: Unexpected EOF trying to find XML end marker in C:\Users\miroslav.nikolov\Documents\GitHub\wr-platform-tests\apache-jmeter-3.2\bin\regresult.xml
2018-02-26 16:33:27,216 INFO o.a.j.g.u.JMeterMenuBar: setRunning(true, *local*)
2018-02-26 16:33:27,521 INFO o.a.j.e.StandardJMeterEngine: Starting ThreadGroup: 1 : Get Auth
2018-02-26 16:33:27,521 INFO o.a.j.e.StandardJMeterEngine: Starting 1 threads for group Get Auth.
2018-02-26 16:33:27,521 INFO o.a.j.e.StandardJMeterEngine: Thread will continue on error
2018-02-26 16:33:27,521 INFO o.a.j.t.ThreadGroup: Starting thread group... number=1 threads=1 ramp-up=1 perThread=1000.0 delayedStart=false
2018-02-26 16:33:27,569 INFO o.a.j.t.ThreadGroup: Started thread group number 1
2018-02-26 16:33:27,569 INFO o.a.j.e.StandardJMeterEngine: Waiting for thread group: Get Auth to finish before starting next group
2018-02-26 16:33:27,569 INFO o.a.j.t.JMeterThread: Thread started: Get Auth 1-1
2018-02-26 16:33:28,787 INFO o.a.j.t.JMeterThread: Thread is done: Get Auth 1-1
2018-02-26 16:33:28,787 INFO o.a.j.t.JMeterThread: Thread finished: Get Auth 1-1
2018-02-26 16:33:28,788 INFO o.a.j.e.StandardJMeterEngine: Starting ThreadGroup: 2 : [PA-5] Quote
2018-02-26 16:33:28,788 INFO o.a.j.e.StandardJMeterEngine: Starting 1 threads for group [PA-5] Quote.
2018-02-26 16:33:28,788 INFO o.a.j.e.StandardJMeterEngine: Thread will continue on error
2018-02-26 16:33:28,788 INFO o.a.j.t.ThreadGroup: Starting thread group... number=2 threads=1 ramp-up=1 perThread=1000.0 delayedStart=false
2018-02-26 16:33:28,789 INFO o.a.j.t.ThreadGroup: Started thread group number 2
2018-02-26 16:33:28,789 INFO o.a.j.e.StandardJMeterEngine: Waiting for thread group: [PA-5] Quote to finish before starting next group
2018-02-26 16:33:28,791 INFO o.a.j.t.JMeterThread: Thread started: [PA-5] Quote 2-1
2018-02-26 16:37:25,368 INFO o.a.j.t.JMeterThread: Thread is done: [PA-5] Quote 2-1
2018-02-26 16:37:25,368 INFO o.a.j.t.JMeterThread: Thread finished: [PA-5] Quote 2-1
2018-02-26 16:37:25,368 INFO o.a.j.e.StandardJMeterEngine: Starting ThreadGroup: 3 : [PA-6] Sender requirements
2018-02-26 16:37:25,368 INFO o.a.j.e.StandardJMeterEngine: Starting 1 threads for group [PA-6] Sender requirements.
2018-02-26 16:37:25,368 INFO o.a.j.e.StandardJMeterEngine: Thread will continue on error
2018-02-26 16:37:25,368 INFO o.a.j.t.ThreadGroup: Starting thread group... number=3 threads=1 ramp-up=1 perThread=1000.0 delayedStart=false
2018-02-26 16:37:25,368 INFO o.a.j.t.ThreadGroup: Started thread group number 3
2018-02-26 16:37:25,368 INFO o.a.j.e.StandardJMeterEngine: Waiting for thread group: [PA-6] Sender requirements to finish before starting next group
2018-02-26 16:37:25,368 INFO o.a.j.t.JMeterThread: Thread started: [PA-6] Sender requirements 3-1
2018-02-26 16:37:37,080 INFO o.a.j.t.JMeterThread: Thread is done: [PA-6] Sender requirements 3-1
2018-02-26 16:37:37,080 INFO o.a.j.t.JMeterThread: Thread finished: [PA-6] Sender requirements 3-1
2018-02-26 16:37:37,080 INFO o.a.j.e.StandardJMeterEngine: Starting ThreadGroup: 4 : [PA-8] Recipient requirements
2018-02-26 16:37:37,080 INFO o.a.j.e.StandardJMeterEngine: Starting 1 threads for group [PA-8] Recipient requirements.
2018-02-26 16:37:37,080 INFO o.a.j.e.StandardJMeterEngine: Thread will continue on error
2018-02-26 16:37:37,080 INFO o.a.j.t.ThreadGroup: Starting thread group... number=4 threads=1 ramp-up=1 perThread=1000.0 delayedStart=false
2018-02-26 16:37:37,080 INFO o.a.j.t.ThreadGroup: Started thread group number 4
2018-02-26 16:37:37,080 INFO o.a.j.e.StandardJMeterEngine: Waiting for thread group: [PA-8] Recipient requirements to finish before starting next group
2018-02-26 16:37:37,096 INFO o.a.j.t.JMeterThread: Thread started: [PA-8] Recipient requirements 4-1
2018-02-26 16:37:41,908 INFO o.a.j.t.JMeterThread: Thread is done: [PA-8] Recipient requirements 4-1
2018-02-26 16:37:41,909 INFO o.a.j.t.JMeterThread: Thread finished: [PA-8] Recipient requirements 4-1
2018-02-26 16:37:41,909 INFO o.a.j.e.StandardJMeterEngine: Starting ThreadGroup: 5 : [PA-41] Create Recipient
2018-02-26 16:37:41,909 INFO o.a.j.e.StandardJMeterEngine: Starting 1 threads for group [PA-41] Create Recipient.
2018-02-26 16:37:41,910 INFO o.a.j.e.StandardJMeterEngine: Thread will continue on error
2018-02-26 16:37:41,910 INFO o.a.j.t.ThreadGroup: Starting thread group... number=5 threads=1 ramp-up=1 perThread=1000.0 delayedStart=false
2018-02-26 16:37:41,938 INFO o.a.j.t.ThreadGroup: Started thread group number 5
2018-02-26 16:37:41,938 INFO o.a.j.e.StandardJMeterEngine: Waiting for thread group: [PA-41] Create Recipient to finish before starting next group
2018-02-26 16:37:41,938 INFO o.a.j.t.JMeterThread: Thread started: [PA-41] Create Recipient 5-1
2018-02-26 16:40:08,188 INFO o.a.j.t.JMeterThread: Thread is done: [PA-41] Create Recipient 5-1
2018-02-26 16:40:08,188 INFO o.a.j.t.JMeterThread: Thread finished: [PA-41] Create Recipient 5-1
2018-02-26 16:40:08,188 INFO o.a.j.e.StandardJMeterEngine: Starting ThreadGroup: 6 : [PA-71] Get recipient
2018-02-26 16:40:08,188 INFO o.a.j.e.StandardJMeterEngine: Starting 1 threads for group [PA-71] Get recipient.
2018-02-26 16:40:08,188 INFO o.a.j.e.StandardJMeterEngine: Thread will continue on error
2018-02-26 16:40:08,188 INFO o.a.j.t.ThreadGroup: Starting thread group... number=6 threads=1 ramp-up=1 perThread=1000.0 delayedStart=false
2018-02-26 16:40:08,188 INFO o.a.j.t.ThreadGroup: Started thread group number 6
2018-02-26 16:40:08,188 INFO o.a.j.e.StandardJMeterEngine: Waiting for thread group: [PA-71] Get recipient to finish before starting next group
2018-02-26 16:40:08,188 INFO o.a.j.t.JMeterThread: Thread started: [PA-71] Get recipient 6-1
2018-02-26 16:42:19,169 INFO o.a.j.t.JMeterThread: Thread is done: [PA-71] Get recipient 6-1
2018-02-26 16:42:19,169 INFO o.a.j.t.JMeterThread: Thread finished: [PA-71] Get recipient 6-1
2018-02-26 16:42:19,169 INFO o.a.j.e.StandardJMeterEngine: Starting ThreadGroup: 7 : [PA-10] Post Transaction
2018-02-26 16:42:19,169 INFO o.a.j.e.StandardJMeterEngine: Starting 1 threads for group [PA-10] Post Transaction.
2018-02-26 16:42:19,169 INFO o.a.j.e.StandardJMeterEngine: Thread will continue on error
2018-02-26 16:42:19,169 INFO o.a.j.t.ThreadGroup: Starting thread group... number=7 threads=1 ramp-up=1 perThread=1000.0 delayedStart=false
2018-02-26 16:42:19,201 INFO o.a.j.t.ThreadGroup: Started thread group number 7
2018-02-26 16:42:19,201 INFO o.a.j.e.StandardJMeterEngine: Waiting for thread group: [PA-10] Post Transaction to finish before starting next group
2018-02-26 16:42:19,201 INFO o.a.j.t.JMeterThread: Thread started: [PA-10] Post Transaction 7-1
2018-02-26 16:47:37,293 INFO o.a.j.t.JMeterThread: Thread is done: [PA-10] Post Transaction 7-1
2018-02-26 16:47:37,293 INFO o.a.j.t.JMeterThread: Thread finished: [PA-10] Post Transaction 7-1
2018-02-26 16:47:37,293 INFO o.a.j.e.StandardJMeterEngine: Starting ThreadGroup: 8 : [PA-119] Get Transaction
2018-02-26 16:47:37,293 INFO o.a.j.e.StandardJMeterEngine: Starting 1 threads for group [PA-119] Get Transaction.
2018-02-26 16:47:37,293 INFO o.a.j.e.StandardJMeterEngine: Thread will continue on error
2018-02-26 16:47:37,293 INFO o.a.j.t.ThreadGroup: Starting thread group... number=8 threads=1 ramp-up=1 perThread=1000.0 delayedStart=false
2018-02-26 16:47:37,293 INFO o.a.j.t.ThreadGroup: Started thread group number 8
2018-02-26 16:47:37,293 INFO o.a.j.e.StandardJMeterEngine: Waiting for thread group: [PA-119] Get Transaction to finish before starting next group
2018-02-26 16:47:37,293 INFO o.a.j.t.JMeterThread: Thread started: [PA-119] Get Transaction 8-1
2018-02-26 16:47:43,732 INFO o.a.j.t.JMeterThread: Thread is done: [PA-119] Get Transaction 8-1
2018-02-26 16:47:43,732 INFO o.a.j.t.JMeterThread: Thread finished: [PA-119] Get Transaction 8-1
2018-02-26 16:47:43,732 INFO o.a.j.e.StandardJMeterEngine: Starting ThreadGroup: 9 : [PA-11] Transaction Status
2018-02-26 16:47:43,733 INFO o.a.j.e.StandardJMeterEngine: Starting 1 threads for group [PA-11] Transaction Status.
2018-02-26 16:47:43,733 INFO o.a.j.e.StandardJMeterEngine: Thread will continue on error
2018-02-26 16:47:43,733 INFO o.a.j.t.ThreadGroup: Starting thread group... number=9 threads=1 ramp-up=1 perThread=1000.0 delayedStart=false
2018-02-26 16:47:43,733 INFO o.a.j.t.ThreadGroup: Started thread group number 9
2018-02-26 16:47:43,733 INFO o.a.j.e.StandardJMeterEngine: Waiting for thread group: [PA-11] Transaction Status to finish before starting next group
2018-02-26 16:47:43,733 INFO o.a.j.t.JMeterThread: Thread started: [PA-11] Transaction Status 9-1
2018-02-26 16:47:45,427 INFO o.a.j.t.JMeterThread: Thread is done: [PA-11] Transaction Status 9-1
2018-02-26 16:47:45,427 INFO o.a.j.t.JMeterThread: Thread finished: [PA-11] Transaction Status 9-1
2018-02-26 16:47:45,427 INFO o.a.j.e.StandardJMeterEngine: Starting ThreadGroup: 10 : [PA-54] Send Contries
2018-02-26 16:47:45,427 INFO o.a.j.e.StandardJMeterEngine: Starting 1 threads for group [PA-54] Send Contries.
2018-02-26 16:47:45,427 INFO o.a.j.e.StandardJMeterEngine: Thread will continue on error
2018-02-26 16:47:45,427 INFO o.a.j.t.ThreadGroup: Starting thread group... number=10 threads=1 ramp-up=1 perThread=1000.0 delayedStart=false
2018-02-26 16:47:45,427 INFO o.a.j.t.ThreadGroup: Started thread group number 10
2018-02-26 16:47:45,427 INFO o.a.j.e.StandardJMeterEngine: Waiting for thread group: [PA-54] Send Contries to finish before starting next group
2018-02-26 16:47:45,427 INFO o.a.j.t.JMeterThread: Thread started: [PA-54] Send Contries 10-1
2018-02-26 16:47:46,759 INFO o.a.j.t.JMeterThread: Thread is done: [PA-54] Send Contries 10-1
2018-02-26 16:47:46,759 INFO o.a.j.t.JMeterThread: Thread finished: [PA-54] Send Contries 10-1
2018-02-26 16:47:46,759 INFO o.a.j.e.StandardJMeterEngine: Starting ThreadGroup: 11 : [PA-55] Receive Contries
2018-02-26 16:47:46,759 INFO o.a.j.e.StandardJMeterEngine: Starting 1 threads for group [PA-55] Receive Contries.
2018-02-26 16:47:46,759 INFO o.a.j.e.StandardJMeterEngine: Thread will continue on error
2018-02-26 16:47:46,759 INFO o.a.j.t.ThreadGroup: Starting thread group... number=11 threads=1 ramp-up=1 perThread=1000.0 delayedStart=false
2018-02-26 16:47:46,759 INFO o.a.j.t.ThreadGroup: Started thread group number 11
2018-02-26 16:47:46,759 INFO o.a.j.e.StandardJMeterEngine: Waiting for thread group: [PA-55] Receive Contries to finish before starting next group
2018-02-26 16:47:46,759 INFO o.a.j.t.JMeterThread: Thread started: [PA-55] Receive Contries 11-1
2018-02-26 16:47:52,551 INFO o.a.j.t.JMeterThread: Thread is done: [PA-55] Receive Contries 11-1
2018-02-26 16:47:52,551 INFO o.a.j.t.JMeterThread: Thread finished: [PA-55] Receive Contries 11-1
2018-02-26 16:47:52,551 INFO o.a.j.e.StandardJMeterEngine: Starting ThreadGroup: 12 : [PA-56] Payout Methods
2018-02-26 16:47:52,551 INFO o.a.j.e.StandardJMeterEngine: Starting 1 threads for group [PA-56] Payout Methods.
2018-02-26 16:47:52,551 INFO o.a.j.e.StandardJMeterEngine: Thread will continue on error
2018-02-26 16:47:52,551 INFO o.a.j.t.ThreadGroup: Starting thread group... number=12 threads=1 ramp-up=1 perThread=1000.0 delayedStart=false
2018-02-26 16:47:52,551 INFO o.a.j.t.ThreadGroup: Started thread group number 12
2018-02-26 16:47:52,551 INFO o.a.j.e.StandardJMeterEngine: Waiting for thread group: [PA-56] Payout Methods to finish before starting next group
2018-02-26 16:47:52,551 INFO o.a.j.t.JMeterThread: Thread started: [PA-56] Payout Methods 12-1
2018-02-26 16:48:27,019 INFO o.a.j.t.JMeterThread: Thread is done: [PA-56] Payout Methods 12-1
2018-02-26 16:48:27,019 INFO o.a.j.t.JMeterThread: Thread finished: [PA-56] Payout Methods 12-1
2018-02-26 16:48:27,019 INFO o.a.j.e.StandardJMeterEngine: Starting ThreadGroup: 13 : [PA-57] Payout Networks
2018-02-26 16:48:27,019 INFO o.a.j.e.StandardJMeterEngine: Starting 1 threads for group [PA-57] Payout Networks.
2018-02-26 16:48:27,019 INFO o.a.j.e.StandardJMeterEngine: Thread will continue on error
2018-02-26 16:48:27,019 INFO o.a.j.t.ThreadGroup: Starting thread group... number=13 threads=1 ramp-up=1 perThread=1000.0 delayedStart=false
2018-02-26 16:48:27,034 INFO o.a.j.t.ThreadGroup: Started thread group number 13
2018-02-26 16:48:27,034 INFO o.a.j.e.StandardJMeterEngine: Waiting for thread group: [PA-57] Payout Networks to finish before starting next group
2018-02-26 16:48:27,034 INFO o.a.j.t.JMeterThread: Thread started: [PA-57] Payout Networks 13-1
2018-02-26 16:49:10,491 INFO o.a.j.t.JMeterThread: Thread is done: [PA-57] Payout Networks 13-1
2018-02-26 16:49:10,491 INFO o.a.j.t.JMeterThread: Thread finished: [PA-57] Payout Networks 13-1
2018-02-26 16:49:10,491 INFO o.a.j.e.StandardJMeterEngine: Starting ThreadGroup: 14 : [PA-245] User management
2018-02-26 16:49:10,491 INFO o.a.j.e.StandardJMeterEngine: Starting 1 threads for group [PA-245] User management.
2018-02-26 16:49:10,491 INFO o.a.j.e.StandardJMeterEngine: Thread will continue on error
2018-02-26 16:49:10,491 INFO o.a.j.t.ThreadGroup: Starting thread group... number=14 threads=1 ramp-up=1 perThread=1000.0 delayedStart=false
2018-02-26 16:49:10,513 INFO o.a.j.t.ThreadGroup: Started thread group number 14
2018-02-26 16:49:10,513 INFO o.a.j.e.StandardJMeterEngine: Waiting for thread group: [PA-245] User management to finish before starting next group
2018-02-26 16:49:10,513 INFO o.a.j.t.JMeterThread: Thread started: [PA-245] User management 14-1
2018-02-26 16:49:52,661 INFO o.a.j.t.JMeterThread: Thread is done: [PA-245] User management 14-1
2018-02-26 16:49:52,661 INFO o.a.j.t.JMeterThread: Thread finished: [PA-245] User management 14-1
2018-02-26 16:49:52,661 INFO o.a.j.e.StandardJMeterEngine: Starting ThreadGroup: 15 : [PA-262] Use quote ID to create a transaction
2018-02-26 16:49:52,661 INFO o.a.j.e.StandardJMeterEngine: Starting 1 threads for group [PA-262] Use quote ID to create a transaction.
2018-02-26 16:49:52,661 INFO o.a.j.e.StandardJMeterEngine: Thread will continue on error
2018-02-26 16:49:52,661 INFO o.a.j.t.ThreadGroup: Starting thread group... number=15 threads=1 ramp-up=1 perThread=1000.0 delayedStart=false
2018-02-26 16:49:52,683 INFO o.a.j.t.ThreadGroup: Started thread group number 15
2018-02-26 16:49:52,683 INFO o.a.j.e.StandardJMeterEngine: Waiting for thread group: [PA-262] Use quote ID to create a transaction to finish before starting next group
2018-02-26 16:49:52,683 INFO o.a.j.t.JMeterThread: Thread started: [PA-262] Use quote ID to create a transaction 15-1
2018-02-26 16:51:40,413 INFO o.a.j.t.JMeterThread: Thread is done: [PA-262] Use quote ID to create a transaction 15-1
2018-02-26 16:51:40,413 INFO o.a.j.t.JMeterThread: Thread finished: [PA-262] Use quote ID to create a transaction 15-1
2018-02-26 16:51:40,413 INFO o.a.j.e.StandardJMeterEngine: Starting ThreadGroup: 16 : [PA-266] Payin endpoint
2018-02-26 16:51:40,413 INFO o.a.j.e.StandardJMeterEngine: Starting 1 threads for group [PA-266] Payin endpoint.
2018-02-26 16:51:40,413 INFO o.a.j.e.StandardJMeterEngine: Thread will continue on error
2018-02-26 16:51:40,413 INFO o.a.j.t.ThreadGroup: Starting thread group... number=16 threads=1 ramp-up=1 perThread=1000.0 delayedStart=false
2018-02-26 16:51:40,413 INFO o.a.j.t.ThreadGroup: Started thread group number 16
2018-02-26 16:51:40,413 INFO o.a.j.e.StandardJMeterEngine: Waiting for thread group: [PA-266] Payin endpoint to finish before starting next group
2018-02-26 16:51:40,428 INFO o.a.j.t.JMeterThread: Thread started: [PA-266] Payin endpoint 16-1
2018-02-26 16:52:37,374 INFO o.a.j.t.JMeterThread: Thread is done: [PA-266] Payin endpoint 16-1
2018-02-26 16:52:37,374 INFO o.a.j.t.JMeterThread: Thread finished: [PA-266] Payin endpoint 16-1
2018-02-26 16:52:37,374 INFO o.a.j.e.StandardJMeterEngine: Starting ThreadGroup: 17 : [PA-315] Map Recipient requirements fields
2018-02-26 16:52:37,374 INFO o.a.j.e.StandardJMeterEngine: Starting 1 threads for group [PA-315] Map Recipient requirements fields.
2018-02-26 16:52:37,374 INFO o.a.j.e.StandardJMeterEngine: Thread will continue on error
2018-02-26 16:52:37,374 INFO o.a.j.t.ThreadGroup: Starting thread group... number=17 threads=1 ramp-up=1 perThread=1000.0 delayedStart=false
2018-02-26 16:52:37,374 INFO o.a.j.t.ThreadGroup: Started thread group number 17
2018-02-26 16:52:37,374 INFO o.a.j.e.StandardJMeterEngine: Waiting for thread group: [PA-315] Map Recipient requirements fields to finish before starting next group
2018-02-26 16:52:37,374 INFO o.a.j.t.JMeterThread: Thread started: [PA-315] Map Recipient requirements fields 17-1
2018-02-26 16:53:25,791 INFO o.a.j.t.JMeterThread: Thread is done: [PA-315] Map Recipient requirements fields 17-1
2018-02-26 16:53:25,791 INFO o.a.j.t.JMeterThread: Thread finished: [PA-315] Map Recipient requirements fields 17-1
2018-02-26 16:53:25,791 INFO o.a.j.e.StandardJMeterEngine: Starting ThreadGroup: 18 : [PA-421] Marketing Access User
2018-02-26 16:53:25,792 INFO o.a.j.e.StandardJMeterEngine: Starting 1 threads for group [PA-421] Marketing Access User.
2018-02-26 16:53:25,792 INFO o.a.j.e.StandardJMeterEngine: Thread will continue on error
2018-02-26 16:53:25,792 INFO o.a.j.t.ThreadGroup: Starting thread group... number=18 threads=1 ramp-up=1 perThread=1000.0 delayedStart=false
2018-02-26 16:53:25,797 INFO o.a.j.t.ThreadGroup: Started thread group number 18
2018-02-26 16:53:25,797 INFO o.a.j.e.StandardJMeterEngine: Waiting for thread group: [PA-421] Marketing Access User to finish before starting next group
2018-02-26 16:53:25,813 INFO o.a.j.t.JMeterThread: Thread started: [PA-421] Marketing Access User 18-1
2018-02-26 16:54:07,797 INFO o.a.j.t.JMeterThread: Thread is done: [PA-421] Marketing Access User 18-1
2018-02-26 16:54:07,797 INFO o.a.j.t.JMeterThread: Thread finished: [PA-421] Marketing Access User 18-1
2018-02-26 16:54:07,797 INFO o.a.j.e.StandardJMeterEngine: Starting ThreadGroup: 19 : [PA-595] Payments Access User
2018-02-26 16:54:07,797 INFO o.a.j.e.StandardJMeterEngine: Starting 1 threads for group [PA-595] Payments Access User.
2018-02-26 16:54:07,797 INFO o.a.j.e.StandardJMeterEngine: Thread will continue on error
2018-02-26 16:54:07,797 INFO o.a.j.t.ThreadGroup: Starting thread group... number=19 threads=1 ramp-up=1 perThread=1000.0 delayedStart=false
2018-02-26 16:54:07,815 INFO o.a.j.t.ThreadGroup: Started thread group number 19
2018-02-26 16:54:07,815 INFO o.a.j.e.StandardJMeterEngine: Waiting for thread group: [PA-595] Payments Access User to finish before starting next group
2018-02-26 16:54:07,815 INFO o.a.j.t.JMeterThread: Thread started: [PA-595] Payments Access User 19-1
2018-02-26 16:55:09,578 INFO o.a.j.t.JMeterThread: Thread is done: [PA-595] Payments Access User 19-1
2018-02-26 16:55:09,578 INFO o.a.j.t.JMeterThread: Thread finished: [PA-595] Payments Access User 19-1
2018-02-26 16:55:09,578 INFO o.a.j.e.StandardJMeterEngine: Starting ThreadGroup: 20 : [PA-495] Currencies
2018-02-26 16:55:09,578 INFO o.a.j.e.StandardJMeterEngine: Starting 1 threads for group [PA-495] Currencies.
2018-02-26 16:55:09,578 INFO o.a.j.e.StandardJMeterEngine: Thread will continue on error
2018-02-26 16:55:09,578 INFO o.a.j.t.ThreadGroup: Starting thread group... number=20 threads=1 ramp-up=1 perThread=1000.0 delayedStart=false
2018-02-26 16:55:09,578 INFO o.a.j.t.ThreadGroup: Started thread group number 20
2018-02-26 16:55:09,578 INFO o.a.j.e.StandardJMeterEngine: Waiting for thread group: [PA-495] Currencies to finish before starting next group
2018-02-26 16:55:09,578 INFO o.a.j.t.JMeterThread: Thread started: [PA-495] Currencies 20-1
2018-02-26 16:55:40,576 INFO o.a.j.t.JMeterThread: Thread is done: [PA-495] Currencies 20-1
2018-02-26 16:55:40,576 INFO o.a.j.t.JMeterThread: Thread finished: [PA-495] Currencies 20-1
2018-02-26 16:55:40,576 INFO o.a.j.e.StandardJMeterEngine: Starting ThreadGroup: 21 : [PA-517] Payin methods endpoint
2018-02-26 16:55:40,576 INFO o.a.j.e.StandardJMeterEngine: Starting 1 threads for group [PA-517] Payin methods endpoint.
2018-02-26 16:55:40,576 INFO o.a.j.e.StandardJMeterEngine: Thread will continue on error
2018-02-26 16:55:40,576 INFO o.a.j.t.ThreadGroup: Starting thread group... number=21 threads=1 ramp-up=1 perThread=1000.0 delayedStart=false
2018-02-26 16:55:40,576 INFO o.a.j.t.ThreadGroup: Started thread group number 21
2018-02-26 16:55:40,576 INFO o.a.j.e.StandardJMeterEngine: Waiting for thread group: [PA-517] Payin methods endpoint to finish before starting next group
2018-02-26 16:55:40,576 INFO o.a.j.t.JMeterThread: Thread started: [PA-517] Payin methods endpoint 21-1
2018-02-26 16:55:48,276 INFO o.a.j.t.JMeterThread: Thread is done: [PA-517] Payin methods endpoint 21-1
2018-02-26 16:55:48,276 INFO o.a.j.t.JMeterThread: Thread finished: [PA-517] Payin methods endpoint 21-1
2018-02-26 16:55:48,276 INFO o.a.j.e.StandardJMeterEngine: Starting ThreadGroup: 22 : Transaction Healthcheck
2018-02-26 16:55:48,276 INFO o.a.j.e.StandardJMeterEngine: Starting 1 threads for group Transaction Healthcheck.
2018-02-26 16:55:48,276 INFO o.a.j.e.StandardJMeterEngine: Thread wil2018-02-27 15:25:11,431 INFO o.a.j.e.StandardJMeterEngine: Running the test!
2018-02-27 15:25:11,431 INFO o.a.j.s.SampleEvent: List of sample_variables: []
2018-02-27 15:25:11,463 INFO o.a.j.g.u.JMeterMenuBar: setRunning(true, *local*)
2018-02-27 15:25:11,827 INFO o.a.j.e.StandardJMeterEngine: Starting ThreadGroup: 1 : Get Auth
2018-02-27 15:25:11,827 INFO o.a.j.e.StandardJMeterEngine: Starting 1 threads for group Get Auth.
2018-02-27 15:25:11,827 INFO o.a.j.e.StandardJMeterEngine: Thread will continue on error
2018-02-27 15:25:11,827 INFO o.a.j.t.ThreadGroup: Starting thread group... number=1 threads=1 ramp-up=1 perThread=1000.0 delayedStart=false
2018-02-27 15:25:11,867 INFO o.a.j.t.ThreadGroup: Started thread group number 1
2018-02-27 15:25:11,867 INFO o.a.j.e.StandardJMeterEngine: Waiting for thread group: Get Auth to finish before starting next group
2018-02-27 15:25:11,867 INFO o.a.j.t.JMeterThread: Thread started: Get Auth 1-1
2018-02-27 15:25:16,604 INFO o.a.j.t.JMeterThread: Thread is done: Get Auth 1-1
2018-02-27 15:25:16,604 INFO o.a.j.t.JMeterThread: Thread finished: Get Auth 1-1
2018-02-27 15:25:16,604 INFO o.a.j.e.StandardJMeterEngine: Starting ThreadGroup: 2 : [PA-5] Quote
2018-02-27 15:25:16,604 INFO o.a.j.e.StandardJMeterEngine: Starting 1 threads for group [PA-5] Quote.
2018-02-27 15:25:16,604 INFO o.a.j.e.StandardJMeterEngine: Thread will continue on error
2018-02-27 15:25:16,604 INFO o.a.j.t.ThreadGroup: Starting thread group... number=2 threads=1 ramp-up=1 perThread=1000.0 delayedStart=false
2018-02-27 15:25:16,604 INFO o.a.j.t.ThreadGroup: Started thread group number 2
2018-02-27 15:25:16,604 INFO o.a.j.e.StandardJMeterEngine: Waiting for thread group: [PA-5] Quote to finish before starting next group
2018-02-27 15:25:16,604 INFO o.a.j.t.JMeterThread: Thread started: [PA-5] Quote 2-1
2018-02-27 15:27:11,391 INFO o.a.j.t.JMeterThread: Thread is done: [PA-5] Quote 2-1
2018-02-27 15:27:11,391 INFO o.a.j.t.JMeterThread: Thread finished: [PA-5] Quote 2-1
2018-02-27 15:27:11,391 INFO o.a.j.e.StandardJMeterEngine: Starting ThreadGroup: 3 : [PA-6] Sender requirements
2018-02-27 15:27:11,391 INFO o.a.j.e.StandardJMeterEngine: Starting 1 threads for group [PA-6] Sender requirements.
2018-02-27 15:27:11,391 INFO o.a.j.e.StandardJMeterEngine: Thread will continue on error
2018-02-27 15:27:11,391 INFO o.a.j.t.ThreadGroup: Starting thread group... number=3 threads=1 ramp-up=1 perThread=1000.0 delayedStart=false
2018-02-27 15:27:11,391 INFO o.a.j.t.ThreadGroup: Started thread group number 3
2018-02-27 15:27:11,391 INFO o.a.j.e.StandardJMeterEngine: Waiting for thread group: [PA-6] Sender requirements to finish before starting next group
2018-02-27 15:27:11,391 INFO o.a.j.t.JMeterThread: Thread started: [PA-6] Sender requirements 3-1
2018-02-27 15:27:18,158 INFO o.a.j.t.JMeterThread: Thread is done: [PA-6] Sender requirements 3-1
2018-02-27 15:27:18,158 INFO o.a.j.t.JMeterThread: Thread finished: [PA-6] Sender requirements 3-1
2018-02-27 15:27:18,158 INFO o.a.j.e.StandardJMeterEngine: Starting ThreadGroup: 4 : [PA-8] Recipient requirements
2018-02-27 15:27:18,158 INFO o.a.j.e.StandardJMeterEngine: Starting 1 threads for group [PA-8] Recipient requirements.
2018-02-27 15:27:18,158 INFO o.a.j.e.StandardJMeterEngine: Thread will continue on error
2018-02-27 15:27:18,158 INFO o.a.j.t.ThreadGroup: Starting thread group... number=4 threads=1 ramp-up=1 perThread=1000.0 delayedStart=false
2018-02-27 15:27:18,158 INFO o.a.j.t.ThreadGroup: Started thread group number 4
2018-02-27 15:27:18,158 INFO o.a.j.e.StandardJMeterEngine: Waiting for thread group: [PA-8] Recipient requirements to finish before starting next group
2018-02-27 15:27:18,158 INFO o.a.j.t.JMeterThread: Thread started: [PA-8] Recipient requirements 4-1
2018-02-27 15:27:20,878 INFO o.a.j.t.JMeterThread: Thread is done: [PA-8] Recipient requirements 4-1
2018-02-27 15:27:20,878 INFO o.a.j.t.JMeterThread: Thread finished: [PA-8] Recipient requirements 4-1
2018-02-27 15:27:20,878 INFO o.a.j.e.StandardJMeterEngine: Starting ThreadGroup: 5 : [PA-41] Create Recipient
2018-02-27 15:27:20,878 INFO o.a.j.e.StandardJMeterEngine: Starting 1 threads for group [PA-41] Create Recipient.
2018-02-27 15:27:20,878 INFO o.a.j.e.StandardJMeterEngine: Thread will continue on error
2018-02-27 15:27:20,878 INFO o.a.j.t.ThreadGroup: Starting thread group... number=5 threads=1 ramp-up=1 perThread=1000.0 delayedStart=false
2018-02-27 15:27:20,899 INFO o.a.j.t.ThreadGroup: Started thread group number 5
2018-02-27 15:27:20,899 INFO o.a.j.e.StandardJMeterEngine: Waiting for thread group: [PA-41] Create Recipient to finish before starting next group
2018-02-27 15:27:20,915 INFO o.a.j.t.JMeterThread: Thread started: [PA-41] Create Recipient 5-1
2018-02-27 15:27:55,225 INFO o.a.j.t.JMeterThread: Thread is done: [PA-41] Create Recipient 5-1
2018-02-27 15:27:55,225 INFO o.a.j.t.JMeterThread: Thread finished: [PA-41] Create Recipient 5-1
2018-02-27 15:27:55,226 INFO o.a.j.e.StandardJMeterEngine: Starting ThreadGroup: 6 : [PA-71] Get recipient
2018-02-27 15:27:55,226 INFO o.a.j.e.StandardJMeterEngine: Starting 1 threads for group [PA-71] Get recipient.
2018-02-27 15:27:55,226 INFO o.a.j.e.StandardJMeterEngine: Thread will continue on error
2018-02-27 15:27:55,226 INFO o.a.j.t.ThreadGroup: Starting thread group... number=6 threads=1 ramp-up=1 perThread=1000.0 delayedStart=false
2018-02-27 15:27:55,227 INFO o.a.j.t.ThreadGroup: Started thread group number 6
2018-02-27 15:27:55,227 INFO o.a.j.e.StandardJMeterEngine: Waiting for thread group: [PA-71] Get recipient to finish before starting next group
2018-02-27 15:27:55,227 INFO o.a.j.t.JMeterThread: Thread started: [PA-71] Get recipient 6-1
2018-02-27 15:28:15,034 INFO o.a.j.t.JMeterThread: Thread is done: [PA-71] Get recipient 6-1
2018-02-27 15:28:15,034 INFO o.a.j.t.JMeterThread: Thread finished: [PA-71] Get recipient 6-1
2018-02-27 15:28:15,034 INFO o.a.j.e.StandardJMeterEngine: Starting ThreadGroup: 7 : [PA-10] Post Transaction
2018-02-27 15:28:15,034 INFO o.a.j.e.StandardJMeterEngine: Starting 1 threads for group [PA-10] Post Transaction.
2018-02-27 15:28:15,034 INFO o.a.j.e.StandardJMeterEngine: Thread will continue on error
2018-02-27 15:28:15,034 INFO o.a.j.t.ThreadGroup: Starting thread group... number=7 threads=1 ramp-up=1 perThread=1000.0 delayedStart=false
2018-02-27 15:28:15,082 INFO o.a.j.t.ThreadGroup: Started thread group number 7
2018-02-27 15:28:15,082 INFO o.a.j.e.StandardJMeterEngine: Waiting for thread group: [PA-10] Post Transaction to finish before starting next group
2018-02-27 15:28:15,082 INFO o.a.j.t.JMeterThread: Thread started: [PA-10] Post Transaction 7-1
2018-02-27 15:29:49,703 INFO o.a.j.t.JMeterThread: Thread is done: [PA-10] Post Transaction 7-1
2018-02-27 15:29:49,703 INFO o.a.j.t.JMeterThread: Thread finished: [PA-10] Post Transaction 7-1
2018-02-27 15:29:49,703 INFO o.a.j.e.StandardJMeterEngine: Starting ThreadGroup: 8 : [PA-119] Get Transaction
2018-02-27 15:29:49,703 INFO o.a.j.e.StandardJMeterEngine: Starting 1 threads for group [PA-119] Get Transaction.
2018-02-27 15:29:49,703 INFO o.a.j.e.StandardJMeterEngine: Thread will continue on error
2018-02-27 15:29:49,703 INFO o.a.j.t.ThreadGroup: Starting thread group... number=8 threads=1 ramp-up=1 perThread=1000.0 delayedStart=false
2018-02-27 15:29:49,703 INFO o.a.j.t.ThreadGroup: Started thread group number 8
2018-02-27 15:29:49,703 INFO o.a.j.e.StandardJMeterEngine: Waiting for thread group: [PA-119] Get Transaction to finish before starting next group
2018-02-27 15:29:49,703 INFO o.a.j.t.JMeterThread: Thread started: [PA-119] Get Transaction 8-1
2018-02-27 15:29:54,779 INFO o.a.j.t.JMeterThread: Thread is done: [PA-119] Get Transaction 8-1
2018-02-27 15:29:54,779 INFO o.a.j.t.JMeterThread: Thread finished: [PA-119] Get Transaction 8-1
2018-02-27 15:29:54,779 INFO o.a.j.e.StandardJMeterEngine: Starting ThreadGroup: 9 : [PA-11] Transaction Status
2018-02-27 15:29:54,779 INFO o.a.j.e.StandardJMeterEngine: Starting 1 threads for group [PA-11] Transaction Status.
2018-02-27 15:29:54,779 INFO o.a.j.e.StandardJMeterEngine: Thread will continue on error
2018-02-27 15:29:54,779 INFO o.a.j.t.ThreadGroup: Starting thread group... number=9 threads=1 ramp-up=1 perThread=1000.0 delayedStart=false
2018-02-27 15:29:54,779 INFO o.a.j.t.ThreadGroup: Started thread group number 9
2018-02-27 15:29:54,779 INFO o.a.j.e.StandardJMeterEngine: Waiting for thread group: [PA-11] Transaction Status to finish before starting next group
2018-02-27 15:29:54,779 INFO o.a.j.t.JMeterThread: Thread started: [PA-11] Transaction Status 9-1
2018-02-27 15:29:55,758 INFO o.a.j.t.JMeterThread: Thread is done: [PA-11] Transaction Status 9-1
2018-02-27 15:29:55,758 INFO o.a.j.t.JMeterThread: Thread finished: [PA-11] Transaction Status 9-1
2018-02-27 15:29:55,758 INFO o.a.j.e.StandardJMeterEngine: Starting ThreadGroup: 10 : [PA-54] Send Contries
2018-02-27 15:29:55,758 INFO o.a.j.e.StandardJMeterEngine: Starting 1 threads for group [PA-54] Send Contries.
2018-02-27 15:29:55,758 INFO o.a.j.e.StandardJMeterEngine: Thread will continue on error
2018-02-27 15:29:55,758 INFO o.a.j.t.ThreadGroup: Starting thread group... number=10 threads=1 ramp-up=1 perThread=1000.0 delayedStart=false
2018-02-27 15:29:55,758 INFO o.a.j.t.ThreadGroup: Started thread group number 10
2018-02-27 15:29:55,758 INFO o.a.j.e.StandardJMeterEngine: Waiting for thread group: [PA-54] Send Contries to finish before starting next group
2018-02-27 15:29:55,758 INFO o.a.j.t.JMeterThread: Thread started: [PA-54] Send Contries 10-1
2018-02-27 15:29:56,713 INFO o.a.j.t.JMeterThread: Thread is done: [PA-54] Send Contries 10-1
2018-02-27 15:29:56,713 INFO o.a.j.t.JMeterThread: Thread finished: [PA-54] Send Contries 10-1
2018-02-27 15:29:56,713 INFO o.a.j.e.StandardJMeterEngine: Starting ThreadGroup: 11 : [PA-55] Receive Contries
2018-02-27 15:29:56,713 INFO o.a.j.e.StandardJMeterEngine: Starting 1 threads for group [PA-55] Receive Contries.
2018-02-27 15:29:56,713 INFO o.a.j.e.StandardJMeterEngine: Thread will continue on error
2018-02-27 15:29:56,713 INFO o.a.j.t.ThreadGroup: Starting thread group... number=11 threads=1 ramp-up=1 perThread=1000.0 delayedStart=false
2018-02-27 15:29:56,713 INFO o.a.j.t.ThreadGroup: Started thread group number 11
2018-02-27 15:29:56,713 INFO o.a.j.e.StandardJMeterEngine: Waiting for thread group: [PA-55] Receive Contries to finish before starting next group
2018-02-27 15:29:56,713 INFO o.a.j.t.JMeterThread: Thread started: [PA-55] Receive Contries 11-1
2018-02-27 15:30:01,687 INFO o.a.j.t.JMeterThread: Thread is done: [PA-55] Receive Contries 11-1
2018-02-27 15:30:01,687 INFO o.a.j.t.JMeterThread: Thread finished: [PA-55] Receive Contries 11-1
2018-02-27 15:30:01,688 INFO o.a.j.e.StandardJMeterEngine: Starting ThreadGroup: 12 : [PA-56] Payout Methods
2018-02-27 15:30:01,688 INFO o.a.j.e.StandardJMeterEngine: Starting 1 threads for group [PA-56] Payout Methods.
2018-02-27 15:30:01,688 INFO o.a.j.e.StandardJMeterEngine: Thread will continue on error
2018-02-27 15:30:01,688 INFO o.a.j.t.ThreadGroup: Starting thread group... number=12 threads=1 ramp-up=1 perThread=1000.0 delayedStart=false
2018-02-27 15:30:01,688 INFO o.a.j.t.ThreadGroup: Started thread group number 12
2018-02-27 15:30:01,688 INFO o.a.j.e.StandardJMeterEngine: Waiting for thread group: [PA-56] Payout Methods to finish before starting next group
2018-02-27 15:30:01,688 INFO o.a.j.t.JMeterThread: Thread started: [PA-56] Payout Methods 12-1
2018-02-27 15:30:15,948 INFO o.a.j.t.JMeterThread: Thread is done: [PA-56] Payout Methods 12-1
2018-02-27 15:30:15,948 INFO o.a.j.t.JMeterThread: Thread finished: [PA-56] Payout Methods 12-1
2018-02-27 15:30:15,948 INFO o.a.j.e.StandardJMeterEngine: Starting ThreadGroup: 13 : [PA-57] Payout Networks
2018-02-27 15:30:15,948 INFO o.a.j.e.StandardJMeterEngine: Starting 1 threads for group [PA-57] Payout Networks.
2018-02-27 15:30:15,948 INFO o.a.j.e.StandardJMeterEngine: Thread will continue on error
2018-02-27 15:30:15,949 INFO o.a.j.t.ThreadGroup: Starting thread group... number=13 threads=1 ramp-up=1 perThread=1000.0 delayedStart=false
2018-02-27 15:30:15,950 INFO o.a.j.t.ThreadGroup: Started thread group number 13
2018-02-27 15:30:15,950 INFO o.a.j.e.StandardJMeterEngine: Waiting for thread group: [PA-57] Payout Networks to finish before starting next group
2018-02-27 15:30:15,951 INFO o.a.j.t.JMeterThread: Thread started: [PA-57] Payout Networks 13-1
2018-02-27 15:30:37,082 INFO o.a.j.t.JMeterThread: Thread is done: [PA-57] Payout Networks 13-1
2018-02-27 15:30:37,082 INFO o.a.j.t.JMeterThread: Thread finished: [PA-57] Payout Networks 13-1
2018-02-27 15:30:37,082 INFO o.a.j.e.StandardJMeterEngine: Starting ThreadGroup: 14 : [PA-245] User management
2018-02-27 15:30:37,082 INFO o.a.j.e.StandardJMeterEngine: Starting 1 threads for group [PA-245] User management.
2018-02-27 15:30:37,082 INFO o.a.j.e.StandardJMeterEngine: Thread will continue on error
2018-02-27 15:30:37,082 INFO o.a.j.t.ThreadGroup: Starting thread group... number=14 threads=1 ramp-up=1 perThread=1000.0 delayedStart=false
2018-02-27 15:30:37,132 INFO o.a.j.t.ThreadGroup: Started thread group number 14
2018-02-27 15:30:37,132 INFO o.a.j.e.StandardJMeterEngine: Waiting for thread group: [PA-245] User management to finish before starting next group
2018-02-27 15:30:37,132 INFO o.a.j.t.JMeterThread: Thread started: [PA-245] User management 14-1
2018-02-27 15:30:54,692 INFO o.a.j.t.JMeterThread: Thread is done: [PA-245] User management 14-1
2018-02-27 15:30:54,692 INFO o.a.j.t.JMeterThread: Thread finished: [PA-245] User management 14-1
2018-02-27 15:30:54,692 INFO o.a.j.e.StandardJMeterEngine: Starting ThreadGroup: 15 : [PA-262] Use quote ID to create a transaction
2018-02-27 15:30:54,692 INFO o.a.j.e.StandardJMeterEngine: Starting 1 threads for group [PA-262] Use quote ID to create a transaction.
2018-02-27 15:30:54,692 INFO o.a.j.e.StandardJMeterEngine: Thread will continue on error
2018-02-27 15:30:54,692 INFO o.a.j.t.ThreadGroup: Starting thread group... number=15 threads=1 ramp-up=1 perThread=1000.0 delayedStart=false
2018-02-27 15:30:54,732 INFO o.a.j.t.ThreadGroup: Started thread group number 15
2018-02-27 15:30:54,732 INFO o.a.j.e.StandardJMeterEngine: Waiting for thread group: [PA-262] Use quote ID to create a transaction to finish before starting next group
2018-02-27 15:30:54,732 INFO o.a.j.t.JMeterThread: Thread started: [PA-262] Use quote ID to create a transaction 15-1
2018-02-27 15:31:53,698 INFO o.a.j.t.JMeterThread: Thread is done: [PA-262] Use quote ID to create a transaction 15-1
2018-02-27 15:31:53,698 INFO o.a.j.t.JMeterThread: Thread finished: [PA-262] Use quote ID to create a transaction 15-1
2018-02-27 15:31:53,698 INFO o.a.j.e.StandardJMeterEngine: Starting ThreadGroup: 16 : [PA-266] Payin endpoint
2018-02-27 15:31:53,698 INFO o.a.j.e.StandardJMeterEngine: Starting 1 threads for group [PA-266] Payin endpoint.
2018-02-27 15:31:53,698 INFO o.a.j.e.StandardJMeterEngine: Thread will continue on error
2018-02-27 15:31:53,698 INFO o.a.j.t.ThreadGroup: Starting thread group... number=16 threads=1 ramp-up=1 perThread=1000.0 delayedStart=false
2018-02-27 15:31:53,698 INFO o.a.j.t.ThreadGroup: Started thread group number 16
2018-02-27 15:31:53,698 INFO o.a.j.e.StandardJMeterEngine: Waiting for thread group: [PA-266] Payin endpoint to finish before starting next group
2018-02-27 15:31:53,698 INFO o.a.j.t.JMeterThread: Thread started: [PA-266] Payin endpoint 16-1
2018-02-27 15:32:31,651 INFO o.a.j.t.JMeterThread: Thread is done: [PA-266] Payin endpoint 16-1
2018-02-27 15:32:31,651 INFO o.a.j.t.JMeterThread: Thread finished: [PA-266] Payin endpoint 16-1
2018-02-27 15:32:31,651 INFO o.a.j.e.StandardJMeterEngine: Starting ThreadGroup: 17 : [PA-315] Map Recipient requirements fields
2018-02-27 15:32:31,651 INFO o.a.j.e.StandardJMeterEngine: Starting 1 threads for group [PA-315] Map Recipient requirements fields.
2018-02-27 15:32:31,651 INFO o.a.j.e.StandardJMeterEngine: Thread will continue on error
2018-02-27 15:32:31,651 INFO o.a.j.t.ThreadGroup: Starting thread group... number=17 threads=1 ramp-up=1 perThread=1000.0 delayedStart=false
2018-02-27 15:32:31,651 INFO o.a.j.t.ThreadGroup: Started thread group number 17
2018-02-27 15:32:31,651 INFO o.a.j.e.StandardJMeterEngine: Waiting for thread group: [PA-315] Map Recipient requirements fields to finish before starting next group
2018-02-27 15:32:31,651 INFO o.a.j.t.JMeterThread: Thread started: [PA-315] Map Recipient requirements fields 17-1
2018-02-27 15:32:56,423 INFO o.a.j.t.JMeterThread: Thread is done: [PA-315] Map Recipient requirements fields 17-1
2018-02-27 15:32:56,423 INFO o.a.j.t.JMeterThread: Thread finished: [PA-315] Map Recipient requirements fields 17-1
2018-02-27 15:32:56,423 INFO o.a.j.e.StandardJMeterEngine: Starting ThreadGroup: 18 : [PA-421] Marketing Access User
2018-02-27 15:32:56,423 INFO o.a.j.e.StandardJMeterEngine: Starting 1 threads for group [PA-421] Marketing Access User.
2018-02-27 15:32:56,423 INFO o.a.j.e.StandardJMeterEngine: Thread will continue on error
2018-02-27 15:32:56,423 INFO o.a.j.t.ThreadGroup: Starting thread group... number=18 threads=1 ramp-up=1 perThread=1000.0 delayedStart=false
2018-02-27 15:32:56,445 INFO o.a.j.t.ThreadGroup: Started thread group number 18
2018-02-27 15:32:56,445 INFO o.a.j.e.StandardJMeterEngine: Waiting for thread group: [PA-421] Marketing Access User to finish before starting next group
2018-02-27 15:32:56,445 INFO o.a.j.t.JMeterThread: Thread started: [PA-421] Marketing Access User 18-1
2018-02-27 15:33:11,601 INFO o.a.j.t.JMeterThread: Thread is done: [PA-421] Marketing Access User 18-1
2018-02-27 15:33:11,601 INFO o.a.j.t.JMeterThread: Thread finished: [PA-421] Marketing Access User 18-1
2018-02-27 15:33:11,601 INFO o.a.j.e.StandardJMeterEngine: Starting ThreadGroup: 19 : [PA-595] Payments Access User
2018-02-27 15:33:11,601 INFO o.a.j.e.StandardJMeterEngine: Starting 1 threads for group [PA-595] Payments Access User.
2018-02-27 15:33:11,601 INFO o.a.j.e.StandardJMeterEngine: Thread will continue on error
2018-02-27 15:33:11,601 INFO o.a.j.t.ThreadGroup: Starting thread group... number=19 threads=1 ramp-up=1 perThread=1000.0 delayedStart=false
2018-02-27 15:33:11,616 INFO o.a.j.t.ThreadGroup: Started thread group number 19
2018-02-27 15:33:11,616 INFO o.a.j.e.StandardJMeterEngine: Waiting for thread group: [PA-595] Payments Access User to finish before starting next group
2018-02-27 15:33:11,616 INFO o.a.j.t.JMeterThread: Thread started: [PA-595] Payments Access User 19-1
2018-02-27 15:33:31,238 INFO o.a.j.t.JMeterThread: Thread is done: [PA-595] Payments Access User 19-1
2018-02-27 15:33:31,238 INFO o.a.j.t.JMeterThread: Thread finished: [PA-595] Payments Access User 19-1
2018-02-27 15:33:31,238 INFO o.a.j.e.StandardJMeterEngine: Starting ThreadGroup: 20 : [PA-495] Currencies
2018-02-27 15:33:31,238 INFO o.a.j.e.StandardJMeterEngine: Starting 1 threads for group [PA-495] Currencies.
2018-02-27 15:33:31,238 INFO o.a.j.e.StandardJMeterEngine: Thread will continue on error
2018-02-27 15:33:31,238 INFO o.a.j.t.ThreadGroup: Starting thread group... number=20 threads=1 ramp-up=1 perThread=1000.0 delayedStart=false
2018-02-27 15:33:31,238 INFO o.a.j.t.ThreadGroup: Started thread group number 20
2018-02-27 15:33:31,238 INFO o.a.j.e.StandardJMeterEngine: Waiting for thread group: [PA-495] Currencies to finish before starting next group
2018-02-27 15:33:31,238 INFO o.a.j.t.JMeterThread: Thread started: [PA-495] Currencies 20-1
2018-02-27 15:33:49,697 INFO o.a.j.t.JMeterThread: Thread is done: [PA-495] Currencies 20-1
2018-02-27 15:33:49,697 INFO o.a.j.t.JMeterThread: Thread finished: [PA-495] Currencies 20-1
2018-02-27 15:33:49,697 INFO o.a.j.e.StandardJMeterEngine: Starting ThreadGroup: 21 : [PA-517] Payin methods endpoint
2018-02-27 15:33:49,697 INFO o.a.j.e.StandardJMeterEngine: Starting 1 threads for group [PA-517] Payin methods endpoint.
2018-02-27 15:33:49,697 INFO o.a.j.e.StandardJMeterEngine: Thread will continue on error
2018-02-27 15:33:49,697 INFO o.a.j.t.ThreadGroup: Starting thread group... number=21 threads=1 ramp-up=1 perThread=1000.0 delayedStart=false
2018-02-27 15:33:49,697 INFO o.a.j.t.ThreadGroup: Started thread group number 21
2018-02-27 15:33:49,697 INFO o.a.j.e.StandardJMeterEngine: Waiting for thread group: [PA-517] Payin methods endpoint to finish before starting next group
2018-02-27 15:33:49,697 INFO o.a.j.t.JMeterThread: Thread started: [PA-517] Payin methods endpoint 21-1
2018-02-27 15:33:53,185 INFO o.a.j.t.JMeterThread: Thread is done: [PA-517] Payin methods endpoint 21-1
2018-02-27 15:33:53,185 INFO o.a.j.t.JMeterThread: Thread finished: [PA-517] Payin methods endpoint 21-1
2018-02-27 15:33:53,185 INFO o.a.j.e.StandardJMeterEngine: Starting ThreadGroup: 22 : Transaction Healthcheck
2018-02-27 15:33:53,185 INFO o.a.j.e.StandardJMeterEngine: Starting 1 threads for group Transaction Healthcheck.
2018-02-27 15:33:53,185 INFO o.a.j.e.StandardJMeterEngine: Thread will continue on error
2018-02-27 15:33:53,185 INFO o.a.j.t.ThreadGroup: Starting thread group... number=22 threads=1 ramp-up=1 perThread=1000.0 delayedStart=false
2018-02-27 15:33:53,185 INFO o.a.j.t.ThreadGroup: Started thread group number 22
2018-02-27 15:33:53,185 INFO o.a.j.e.StandardJMeterEngine: All thread groups have been started
2018-02-27 15:33:53,185 INFO o.a.j.t.JMeterThread: Thread started: Transaction Healthcheck 22-1
2018-02-27 15:33:53,475 INFO o.a.j.t.JMeterThread: Thread is done: Transaction Healthcheck 22-1
2018-02-27 15:33:53,475 INFO o.a.j.t.JMeterThread: Thread finished: Transaction Healthcheck 22-1
2018-02-27 15:33:53,475 INFO o.a.j.e.StandardJMeterEngine: Notifying test listeners of end of test
2018-02-27 15:33:53,525 INFO o.a.j.g.u.JMeterMenuBar: setRunning(false, *local*)
l continue on error
2018-02-27 11:03:45,942 INFO o.a.j.t.ThreadGroup: Starting thread group... number=22 threads=1 ramp-up=1 perThread=1000.0 delayedStart=false
2018-02-27 11:03:45,942 INFO o.a.j.t.ThreadGroup: Started thread group number 22
2018-02-27 11:03:45,942 INFO o.a.j.e.StandardJMeterEngine: All thread groups have been started
2018-02-27 11:03:45,942 INFO o.a.j.t.JMeterThread: Thread started: Transaction Healthcheck 22-1
2018-02-27 11:03:46,256 INFO o.a.j.t.JMeterThread: Thread is done: Transaction Healthcheck 22-1
2018-02-27 11:03:46,256 INFO o.a.j.t.JMeterThread: Thread finished: Transaction Healthcheck 22-1
2018-02-27 11:03:46,256 INFO o.a.j.e.StandardJMeterEngine: Notifying test listeners of end of test
2018-02-27 11:03:46,306 INFO o.a.j.g.u.JMeterMenuBar: setRunning(false, *local*)
2018-02-27 15:27:21,301 INFO o.a.j.e.StandardJMeterEngine: Running the test!
2018-02-27 15:27:21,301 INFO o.a.j.s.SampleEvent: List of sample_variables: []
2018-02-27 15:27:21,317 WARN o.a.j.r.ResultCollector: Unexpected EOF trying to find XML end marker in C:\Users\miroslav.nikolov\Documents\GitHub\wr-platform-tests\apache-jmeter-3.2\bin\Response.xml
2018-02-27 15:27:21,317 WARN o.a.j.r.ResultCollector: Unexpected EOF trying to find XML end marker in C:\Users\miroslav.nikolov\Documents\GitHub\wr-platform-tests\apache-jmeter-3.2\bin\regresult.xml
2018-02-27 15:27:21,317 INFO o.a.j.g.u.JMeterMenuBar: setRunning(true, *local*)
2018-02-27 15:27:21,780 INFO o.a.j.e.StandardJMeterEngine: Starting ThreadGroup: 1 : Get Auth
2018-02-27 15:27:21,780 INFO o.a.j.e.StandardJMeterEngine: Starting 1 threads for group Get Auth.
2018-02-27 15:27:21,780 INFO o.a.j.e.StandardJMeterEngine: Thread will continue on error
2018-02-27 15:27:21,780 INFO o.a.j.t.ThreadGroup: Starting thread group... number=1 threads=1 ramp-up=1 perThread=1000.0 delayedStart=false
2018-02-27 15:27:21,833 INFO o.a.j.t.ThreadGroup: Started thread group number 1
2018-02-27 15:27:21,833 INFO o.a.j.e.StandardJMeterEngine: Waiting for thread group: Get Auth to finish before starting next group
2018-02-27 15:27:21,833 INFO o.a.j.t.JMeterThread: Thread started: Get Auth 1-1
2018-02-27 15:27:23,105 INFO o.a.j.t.JMeterThread: Thread is done: Get Auth 1-1
2018-02-27 15:27:23,105 INFO o.a.j.t.JMeterThread: Thread finished: Get Auth 1-1
2018-02-27 15:27:23,105 INFO o.a.j.e.StandardJMeterEngine: Starting ThreadGroup: 2 : [PA-5] Quote
2018-02-27 15:27:23,105 INFO o.a.j.e.StandardJMeterEngine: Starting 1 threads for group [PA-5] Quote.
2018-02-27 15:27:23,105 INFO o.a.j.e.StandardJMeterEngine: Thread will continue on error
2018-02-27 15:27:23,105 INFO o.a.j.t.ThreadGroup: Starting thread group... number=2 threads=1 ramp-up=1 perThread=1000.0 delayedStart=false
2018-02-27 15:27:23,105 INFO o.a.j.t.ThreadGroup: Started thread group number 2
2018-02-27 15:27:23,105 INFO o.a.j.e.StandardJMeterEngine: Waiting for thread group: [PA-5] Quote to finish before starting next group
2018-02-27 15:27:23,105 INFO o.a.j.t.JMeterThread: Thread started: [PA-5] Quote 2-1
2018-02-27 15:29:49,019 INFO o.a.j.t.JMeterThread: Thread is done: [PA-5] Quote 2-1
2018-02-27 15:29:49,019 INFO o.a.j.t.JMeterThread: Thread finished: [PA-5] Quote 2-1
2018-02-27 15:29:49,019 INFO o.a.j.e.StandardJMeterEngine: Starting ThreadGroup: 3 : [PA-6] Sender requirements
2018-02-27 15:29:49,019 INFO o.a.j.e.StandardJMeterEngine: Starting 1 threads for group [PA-6] Sender requirements.
2018-02-27 15:29:49,019 INFO o.a.j.e.StandardJMeterEngine: Thread will continue on error
2018-02-27 15:29:49,019 INFO o.a.j.t.ThreadGroup: Starting thread group... number=3 threads=1 ramp-up=1 perThread=1000.0 delayedStart=false
2018-02-27 15:29:49,019 INFO o.a.j.t.ThreadGroup: Started thread group number 3
2018-02-27 15:29:49,019 INFO o.a.j.e.StandardJMeterEngine: Waiting for thread group: [PA-6] Sender requirements to finish before starting next group
2018-02-27 15:29:49,019 INFO o.a.j.t.JMeterThread: Thread started: [PA-6] Sender requirements 3-1
2018-02-27 15:29:59,633 INFO o.a.j.t.JMeterThread: Thread is done: [PA-6] Sender requirements 3-1
2018-02-27 15:29:59,633 INFO o.a.j.t.JMeterThread: Thread finished: [PA-6] Sender requirements 3-1
2018-02-27 15:29:59,633 INFO o.a.j.e.StandardJMeterEngine: Starting ThreadGroup: 4 : [PA-8] Recipient requirements
2018-02-27 15:29:59,633 INFO o.a.j.e.StandardJMeterEngine: Starting 1 threads for group [PA-8] Recipient requirements.
2018-02-27 15:29:59,633 INFO o.a.j.e.StandardJMeterEngine: Thread will continue on error
2018-02-27 15:29:59,633 INFO o.a.j.t.ThreadGroup: Starting thread group... number=4 threads=1 ramp-up=1 perThread=1000.0 delayedStart=false
2018-02-27 15:29:59,633 INFO o.a.j.t.ThreadGroup: Started thread group number 4
2018-02-27 15:29:59,633 INFO o.a.j.e.StandardJMeterEngine: Waiting for thread group: [PA-8] Recipient requirements to finish before starting next group
2018-02-27 15:29:59,633 INFO o.a.j.t.JMeterThread: Thread started: [PA-8] Recipient requirements 4-1
2018-02-27 15:30:05,876 INFO o.a.j.t.JMeterThread: Thread is done: [PA-8] Recipient requirements 4-1
2018-02-27 15:30:05,876 INFO o.a.j.t.JMeterThread: Thread finished: [PA-8] Recipient requirements 4-1
2018-02-27 15:30:05,876 INFO o.a.j.e.StandardJMeterEngine: Starting ThreadGroup: 5 : [PA-41] Create Recipient
2018-02-27 15:30:05,876 INFO o.a.j.e.StandardJMeterEngine: Starting 1 threads for group [PA-41] Create Recipient.
2018-02-27 15:30:05,876 INFO o.a.j.e.StandardJMeterEngine: Thread will continue on error
2018-02-27 15:30:05,876 INFO o.a.j.t.ThreadGroup: Starting thread group... number=5 threads=1 ramp-up=1 perThread=1000.0 delayedStart=false
2018-02-27 15:30:05,898 INFO o.a.j.t.ThreadGroup: Started thread group number 5
2018-02-27 15:30:05,898 INFO o.a.j.e.StandardJMeterEngine: Waiting for thread group: [PA-41] Create Recipient to finish before starting next group
2018-02-27 15:30:05,914 INFO o.a.j.t.JMeterThread: Thread started: [PA-41] Create Recipient 5-1
2018-02-27 15:31:26,175 INFO o.a.j.t.JMeterThread: Thread is done: [PA-41] Create Recipient 5-1
2018-02-27 15:31:26,175 INFO o.a.j.t.JMeterThread: Thread finished: [PA-41] Create Recipient 5-1
2018-02-27 15:31:26,175 INFO o.a.j.e.StandardJMeterEngine: Starting ThreadGroup: 6 : [PA-71] Get recipient
2018-02-27 15:31:26,175 INFO o.a.j.e.StandardJMeterEngine: Starting 1 threads for group [PA-71] Get recipient.
2018-02-27 15:31:26,175 INFO o.a.j.e.StandardJMeterEngine: Thread will continue on error
2018-02-27 15:31:26,175 INFO o.a.j.t.ThreadGroup: Starting thread group... number=6 threads=1 ramp-up=1 perThread=1000.0 delayedStart=false
2018-02-27 15:31:26,175 INFO o.a.j.t.ThreadGroup: Started thread group number 6
2018-02-27 15:31:26,175 INFO o.a.j.e.StandardJMeterEngine: Waiting for thread group: [PA-71] Get recipient to finish before starting next group
2018-02-27 15:31:26,191 INFO o.a.j.t.JMeterThread: Thread started: [PA-71] Get recipient 6-1
2018-02-27 15:32:46,411 INFO o.a.j.t.JMeterThread: Thread is done: [PA-71] Get recipient 6-1
2018-02-27 15:32:46,411 INFO o.a.j.t.JMeterThread: Thread finished: [PA-71] Get recipient 6-1
2018-02-27 15:32:46,411 INFO o.a.j.e.StandardJMeterEngine: Starting ThreadGroup: 7 : [PA-10] Post Transaction
2018-02-27 15:32:46,411 INFO o.a.j.e.StandardJMeterEngine: Starting 1 threads for group [PA-10] Post Transaction.
2018-02-27 15:32:46,411 INFO o.a.j.e.StandardJMeterEngine: Thread will continue on error
2018-02-27 15:32:46,411 INFO o.a.j.t.ThreadGroup: Starting thread group... number=7 threads=1 ramp-up=1 perThread=1000.0 delayedStart=false
2018-02-27 15:32:46,448 INFO o.a.j.t.ThreadGroup: Started thread group number 7
2018-02-27 15:32:46,448 INFO o.a.j.e.StandardJMeterEngine: Waiting for thread group: [PA-10] Post Transaction to finish before starting next group
2018-02-27 15:32:46,448 INFO o.a.j.t.JMeterThread: Thread started: [PA-10] Post Transaction 7-1
2018-02-27 15:37:30,636 INFO o.a.j.t.JMeterThread: Thread is done: [PA-10] Post Transaction 7-1
2018-02-27 15:37:30,636 INFO o.a.j.t.JMeterThread: Thread finished: [PA-10] Post Transaction 7-1
2018-02-27 15:37:30,636 INFO o.a.j.e.StandardJMeterEngine: Starting ThreadGroup: 8 : [PA-119] Get Transaction
2018-02-27 15:37:30,636 INFO o.a.j.e.StandardJMeterEngine: Starting 1 threads for group [PA-119] Get Transaction.
2018-02-27 15:37:30,636 INFO o.a.j.e.StandardJMeterEngine: Thread will continue on error
2018-02-27 15:37:30,636 INFO o.a.j.t.ThreadGroup: Starting thread group... number=8 threads=1 ramp-up=1 perThread=1000.0 delayedStart=false
2018-02-27 15:37:30,636 INFO o.a.j.t.ThreadGroup: Started thread group number 8
2018-02-27 15:37:30,636 INFO o.a.j.e.StandardJMeterEngine: Waiting for thread group: [PA-119] Get Transaction to finish before starting next group
2018-02-27 15:37:30,636 INFO o.a.j.t.JMeterThread: Thread started: [PA-119] Get Transaction 8-1
2018-02-27 15:37:38,398 INFO o.a.j.t.JMeterThread: Thread is done: [PA-119] Get Transaction 8-1
2018-02-27 15:37:38,398 INFO o.a.j.t.JMeterThread: Thread finished: [PA-119] Get Transaction 8-1
2018-02-27 15:37:38,398 INFO o.a.j.e.StandardJMeterEngine: Starting ThreadGroup: 9 : [PA-11] Transaction Status
2018-02-27 15:37:38,398 INFO o.a.j.e.StandardJMeterEngine: Starting 1 threads for group [PA-11] Transaction Status.
2018-02-27 15:37:38,398 INFO o.a.j.e.StandardJMeterEngine: Thread will continue on error
2018-02-27 15:37:38,398 INFO o.a.j.t.ThreadGroup: Starting thread group... number=9 threads=1 ramp-up=1 perThread=1000.0 delayedStart=false
2018-02-27 15:37:38,398 INFO o.a.j.t.ThreadGroup: Started thread group number 9
2018-02-27 15:37:38,398 INFO o.a.j.e.StandardJMeterEngine: Waiting for thread group: [PA-11] Transaction Status to finish before starting next group
2018-02-27 15:37:38,398 INFO o.a.j.t.JMeterThread: Thread started: [PA-11] Transaction Status 9-1
2018-02-27 15:37:40,040 INFO o.a.j.t.JMeterThread: Thread is done: [PA-11] Transaction Status 9-1
2018-02-27 15:37:40,040 INFO o.a.j.t.JMeterThread: Thread finished: [PA-11] Transaction Status 9-1
2018-02-27 15:37:40,040 INFO o.a.j.e.StandardJMeterEngine: Starting ThreadGroup: 10 : [PA-54] Send Contries
2018-02-27 15:37:40,040 INFO o.a.j.e.StandardJMeterEngine: Starting 1 threads for group [PA-54] Send Contries.
2018-02-27 15:37:40,040 INFO o.a.j.e.StandardJMeterEngine: Thread will continue on error
2018-02-27 15:37:40,040 INFO o.a.j.t.ThreadGroup: Starting thread group... number=10 threads=1 ramp-up=1 perThread=1000.0 delayedStart=false
2018-02-27 15:37:40,040 INFO o.a.j.t.ThreadGroup: Started thread group number 10
2018-02-27 15:37:40,040 INFO o.a.j.e.StandardJMeterEngine: Waiting for thread group: [PA-54] Send Contries to finish before starting next group
2018-02-27 15:37:40,040 INFO o.a.j.t.JMeterThread: Thread started: [PA-54] Send Contries 10-1
2018-02-27 15:37:41,286 INFO o.a.j.t.JMeterThread: Thread is done: [PA-54] Send Contries 10-1
2018-02-27 15:37:41,286 INFO o.a.j.t.JMeterThread: Thread finished: [PA-54] Send Contries 10-1
2018-02-27 15:37:41,286 INFO o.a.j.e.StandardJMeterEngine: Starting ThreadGroup: 11 : [PA-55] Receive Contries
2018-02-27 15:37:41,286 INFO o.a.j.e.StandardJMeterEngine: Starting 1 threads for group [PA-55] Receive Contries.
2018-02-27 15:37:41,286 INFO o.a.j.e.StandardJMeterEngine: Thread will continue on error
2018-02-27 15:37:41,286 INFO o.a.j.t.ThreadGroup: Starting thread group... number=11 threads=1 ramp-up=1 perThread=1000.0 delayedStart=false
2018-02-27 15:37:41,286 INFO o.a.j.t.ThreadGroup: Started thread group number 11
2018-02-27 15:37:41,286 INFO o.a.j.e.StandardJMeterEngine: Waiting for thread group: [PA-55] Receive Contries to finish before starting next group
2018-02-27 15:37:41,286 INFO o.a.j.t.JMeterThread: Thread started: [PA-55] Receive Contries 11-1
2018-02-27 15:37:47,110 INFO o.a.j.t.JMeterThread: Thread is done: [PA-55] Receive Contries 11-1
2018-02-27 15:37:47,110 INFO o.a.j.t.JMeterThread: Thread finished: [PA-55] Receive Contries 11-1
2018-02-27 15:37:47,110 INFO o.a.j.e.StandardJMeterEngine: Starting ThreadGroup: 12 : [PA-56] Payout Methods
2018-02-27 15:37:47,110 INFO o.a.j.e.StandardJMeterEngine: Starting 1 threads for group [PA-56] Payout Methods.
2018-02-27 15:37:47,110 INFO o.a.j.e.StandardJMeterEngine: Thread will continue on error
2018-02-27 15:37:47,110 INFO o.a.j.t.ThreadGroup: Starting thread group... number=12 threads=1 ramp-up=1 perThread=1000.0 delayedStart=false
2018-02-27 15:37:47,110 INFO o.a.j.t.ThreadGroup: Started thread group number 12
2018-02-27 15:37:47,110 INFO o.a.j.e.StandardJMeterEngine: Waiting for thread group: [PA-56] Payout Methods to finish before starting next group
2018-02-27 15:37:47,110 INFO o.a.j.t.JMeterThread: Thread started: [PA-56] Payout Methods 12-1
2018-02-27 15:38:21,043 INFO o.a.j.t.JMeterThread: Thread is done: [PA-56] Payout Methods 12-1
2018-02-27 15:38:21,043 INFO o.a.j.t.JMeterThread: Thread finished: [PA-56] Payout Methods 12-1
2018-02-27 15:38:21,043 INFO o.a.j.e.StandardJMeterEngine: Starting ThreadGroup: 13 : [PA-57] Payout Networks
2018-02-27 15:38:21,043 INFO o.a.j.e.StandardJMeterEngine: Starting 1 threads for group [PA-57] Payout Networks.
2018-02-27 15:38:21,043 INFO o.a.j.e.StandardJMeterEngine: Thread will continue on error
2018-02-27 15:38:21,043 INFO o.a.j.t.ThreadGroup: Starting thread group... number=13 threads=1 ramp-up=1 perThread=1000.0 delayedStart=false
2018-02-27 15:38:21,043 INFO o.a.j.t.ThreadGroup: Started thread group number 13
2018-02-27 15:38:21,043 INFO o.a.j.e.StandardJMeterEngine: Waiting for thread group: [PA-57] Payout Networks to finish before starting next group
2018-02-27 15:38:21,043 INFO o.a.j.t.JMeterThread: Thread started: [PA-57] Payout Networks 13-1
2018-02-27 15:39:12,966 INFO o.a.j.t.JMeterThread: Thread is done: [PA-57] Payout Networks 13-1
2018-02-27 15:39:12,967 INFO o.a.j.t.JMeterThread: Thread finished: [PA-57] Payout Networks 13-1
2018-02-27 15:39:12,967 INFO o.a.j.e.StandardJMeterEngine: Starting ThreadGroup: 14 : [PA-245] User management
2018-02-27 15:39:12,967 INFO o.a.j.e.StandardJMeterEngine: Starting 1 threads for group [PA-245] User management.
2018-02-27 15:39:12,968 INFO o.a.j.e.StandardJMeterEngine: Thread will continue on error
2018-02-27 15:39:12,968 INFO o.a.j.t.ThreadGroup: Starting thread group... number=14 threads=1 ramp-up=1 perThread=1000.0 delayedStart=false
2018-02-27 15:39:13,001 INFO o.a.j.t.ThreadGroup: Started thread group number 14
2018-02-27 15:39:13,001 INFO o.a.j.e.StandardJMeterEngine: Waiting for thread group: [PA-245] User management to finish before starting next group
2018-02-27 15:39:13,001 INFO o.a.j.t.JMeterThread: Thread started: [PA-245] User management 14-1
2018-02-27 15:39:53,142 INFO o.a.j.t.JMeterThread: Thread is done: [PA-245] User management 14-1
2018-02-27 15:39:53,142 INFO o.a.j.t.JMeterThread: Thread finished: [PA-245] User management 14-1
2018-02-27 15:39:53,143 INFO o.a.j.e.StandardJMeterEngine: Starting ThreadGroup: 15 : [PA-262] Use quote ID to create a transaction
2018-02-27 15:39:53,143 INFO o.a.j.e.StandardJMeterEngine: Starting 1 threads for group [PA-262] Use quote ID to create a transaction.
2018-02-27 15:39:53,143 INFO o.a.j.e.StandardJMeterEngine: Thread will continue on error
2018-02-27 15:39:53,143 INFO o.a.j.t.ThreadGroup: Starting thread group... number=15 threads=1 ramp-up=1 perThread=1000.0 delayedStart=false
2018-02-27 15:39:53,168 INFO o.a.j.t.ThreadGroup: Started thread group number 15
2018-02-27 15:39:53,168 INFO o.a.j.e.StandardJMeterEngine: Waiting for thread group: [PA-262] Use quote ID to create a transaction to finish before starting next group
2018-02-27 15:39:53,168 INFO o.a.j.t.JMeterThread: Thread started: [PA-262] Use quote ID to create a transaction 15-1
2018-02-27 15:43:02,844 INFO o.a.j.t.JMeterThread: Thread is done: [PA-262] Use quote ID to create a transaction 15-1
2018-02-27 15:43:02,844 INFO o.a.j.t.JMeterThread: Thread finished: [PA-262] Use quote ID to create a transaction 15-1
2018-02-27 15:43:02,844 INFO o.a.j.e.StandardJMeterEngine: Starting ThreadGroup: 16 : [PA-266] Payin endpoint
2018-02-27 15:43:02,844 INFO o.a.j.e.StandardJMeterEngine: Starting 1 threads for group [PA-266] Payin endpoint.
2018-02-27 15:43:02,844 INFO o.a.j.e.StandardJMeterEngine: Thread will continue on error
2018-02-27 15:43:02,844 INFO o.a.j.t.ThreadGroup: Starting thread group... number=16 threads=1 ramp-up=1 perThread=1000.0 delayedStart=false
2018-02-27 15:43:02,857 INFO o.a.j.t.ThreadGroup: Started thread group number 16
2018-02-27 15:43:02,857 INFO o.a.j.e.StandardJMeterEngine: Waiting for thread group: [PA-266] Payin endpoint to finish before starting next group
2018-02-27 15:43:02,857 INFO o.a.j.t.JMeterThread: Thread started: [PA-266] Payin endpoint 16-1
2018-02-27 15:46:16,657 INFO o.a.j.t.JMeterThread: Thread is done: [PA-266] Payin endpoint 16-1
2018-02-27 15:46:16,657 INFO o.a.j.t.JMeterThread: Thread finished: [PA-266] Payin endpoint 16-1
2018-02-27 15:46:16,657 INFO o.a.j.e.StandardJMeterEngine: Starting ThreadGroup: 17 : [PA-315] Map Recipient requirements fields
2018-02-27 15:46:16,657 INFO o.a.j.e.StandardJMeterEngine: Starting 1 threads for group [PA-315] Map Recipient requirements fields.
2018-02-27 15:46:16,657 INFO o.a.j.e.StandardJMeterEngine: Thread will continue on error
2018-02-27 15:46:16,657 INFO o.a.j.t.ThreadGroup: Starting thread group... number=17 threads=1 ramp-up=1 perThread=1000.0 delayedStart=false
2018-02-27 15:46:16,657 INFO o.a.j.t.ThreadGroup: Started thread group number 17
2018-02-27 15:46:16,657 INFO o.a.j.e.StandardJMeterEngine: Waiting for thread group: [PA-315] Map Recipient requirements fields to finish before starting next group
2018-02-27 15:46:16,657 INFO o.a.j.t.JMeterThread: Thread started: [PA-315] Map Recipient requirements fields 17-1
2018-02-27 15:47:17,741 INFO o.a.j.t.JMeterThread: Thread is done: [PA-315] Map Recipient requirements fields 17-1
2018-02-27 15:47:17,741 INFO o.a.j.t.JMeterThread: Thread finished: [PA-315] Map Recipient requirements fields 17-1
2018-02-27 15:47:17,741 INFO o.a.j.e.StandardJMeterEngine: Starting ThreadGroup: 18 : [PA-421] Marketing Access User
2018-02-27 15:47:17,741 INFO o.a.j.e.StandardJMeterEngine: Starting 1 threads for group [PA-421] Marketing Access User.
2018-02-27 15:47:17,741 INFO o.a.j.e.StandardJMeterEngine: Thread will continue on error
2018-02-27 15:47:17,741 INFO o.a.j.t.ThreadGroup: Starting thread group... number=18 threads=1 ramp-up=1 perThread=1000.0 delayedStart=false
2018-02-27 15:47:17,776 INFO o.a.j.t.ThreadGroup: Started thread group number 18
2018-02-27 15:47:17,776 INFO o.a.j.e.StandardJMeterEngine: Waiting for thread group: [PA-421] Marketing Access User to finish before starting next group
2018-02-27 15:47:17,777 INFO o.a.j.t.JMeterThread: Thread started: [PA-421] Marketing Access User 18-1
2018-02-27 15:47:35,720 INFO o.a.j.t.JMeterThread: Thread is done: [PA-421] Marketing Access User 18-1
2018-02-27 15:47:35,720 INFO o.a.j.t.JMeterThread: Thread finished: [PA-421] Marketing Access User 18-1
2018-02-27 15:47:35,720 INFO o.a.j.e.StandardJMeterEngine: Starting ThreadGroup: 19 : [PA-595] Payments Access User
2018-02-27 15:47:35,720 INFO o.a.j.e.StandardJMeterEngine: Starting 1 threads for group [PA-595] Payments Access User.
2018-02-27 15:47:35,720 INFO o.a.j.e.StandardJMeterEngine: Thread will continue on error
2018-02-27 15:47:35,720 INFO o.a.j.t.ThreadGroup: Starting thread group... number=19 threads=1 ramp-up=1 perThread=1000.0 delayedStart=false
2018-02-27 15:47:35,735 INFO o.a.j.t.ThreadGroup: Started thread group number 19
2018-02-27 15:47:35,735 INFO o.a.j.e.StandardJMeterEngine: Waiting for thread group: [PA-595] Payments Access User to finish before starting next group
2018-02-27 15:47:35,735 INFO o.a.j.t.JMeterThread: Thread started: [PA-595] Payments Access User 19-1
2018-02-27 15:50:00,436 INFO o.a.j.t.JMeterThread: Thread is done: [PA-595] Payments Access User 19-1
2018-02-27 15:50:00,436 INFO o.a.j.t.JMeterThread: Thread finished: [PA-595] Payments Access User 19-1
2018-02-27 15:50:00,436 INFO o.a.j.e.StandardJMeterEngine: Starting ThreadGroup: 20 : [PA-495] Currencies
2018-02-27 15:50:00,436 INFO o.a.j.e.StandardJMeterEngine: Starting 1 threads for group [PA-495] Currencies.
2018-02-27 15:50:00,436 INFO o.a.j.e.StandardJMeterEngine: Thread will continue on error
2018-02-27 15:50:00,436 INFO o.a.j.t.ThreadGroup: Starting thread group... number=20 threads=1 ramp-up=1 perThread=1000.0 delayedStart=false
2018-02-27 15:50:00,436 INFO o.a.j.t.ThreadGroup: Started thread group number 20
2018-02-27 15:50:00,436 INFO o.a.j.e.StandardJMeterEngine: Waiting for thread group: [PA-495] Currencies to finish before starting next group
2018-02-27 15:50:00,452 INFO o.a.j.t.JMeterThread: Thread started: [PA-495] Currencies 20-1
2018-02-27 15:50:36,092 INFO o.a.j.t.JMeterThread: Thread is done: [PA-495] Currencies 20-1
2018-02-27 15:50:36,092 INFO o.a.j.t.JMeterThread: Thread finished: [PA-495] Currencies 20-1
2018-02-27 15:50:36,092 INFO o.a.j.e.StandardJMeterEngine: Starting ThreadGroup: 21 : [PA-517] Payin methods endpoint
2018-02-27 15:50:36,092 INFO o.a.j.e.StandardJMeterEngine: Starting 1 threads for group [PA-517] Payin methods endpoint.
2018-02-27 15:50:36,092 INFO o.a.j.e.StandardJMeterEngine: Thread will continue on error
2018-02-27 15:50:36,092 INFO o.a.j.t.ThreadGroup: Starting thread group... number=21 threads=1 ramp-up=1 perThread=1000.0 delayedStart=false
2018-02-27 15:50:36,092 INFO o.a.j.t.ThreadGroup: Started thread group number 21
2018-02-27 15:50:36,092 INFO o.a.j.e.StandardJMeterEngine: Waiting for thread group: [PA-517] Payin methods endpoint to finish before starting next group
2018-02-27 15:50:36,092 INFO o.a.j.t.JMeterThread: Thread started: [PA-517] Payin methods endpoint 21-1
2018-02-27 15:50:45,137 INFO o.a.j.t.JMeterThread: Thread is done: [PA-517] Payin methods endpoint 21-1
2018-02-27 15:50:45,137 INFO o.a.j.t.JMeterThread: Thread finished: [PA-517] Payin methods endpoint 21-1
2018-02-27 15:50:45,137 INFO o.a.j.e.StandardJMeterEngine: Starting ThreadGroup: 22 : Transaction Healthcheck
2018-02-27 15:50:45,137 INFO o.a.j.e.StandardJMeterEngine: Starting 1 threads for group Transaction Healthcheck.
2018-02-27 15:50:45,137 INFO o.a.j.e.StandardJMeterEngine: Thread will continue on error
2018-02-27 15:50:45,137 INFO o.a.j.t.ThreadGroup: Starting thread group... number=22 threads=1 ramp-up=1 perThread=1000.0 delayedStart=false
2018-02-27 15:50:45,137 INFO o.a.j.t.ThreadGroup: Started thread group number 22
2018-02-27 15:50:45,137 INFO o.a.j.e.StandardJMeterEngine: All thread groups have been started
2018-02-27 15:50:45,137 INFO o.a.j.t.JMeterThread: Thread started: Transaction Healthcheck 22-1
2018-02-27 15:50:45,537 INFO o.a.j.t.JMeterThread: Thread is done: Transaction Healthcheck 22-1
2018-02-27 15:50:45,537 INFO o.a.j.t.JMeterThread: Thread finished: Transaction Healthcheck 22-1
2018-02-27 15:50:45,537 INFO o.a.j.e.StandardJMeterEngine: Notifying test listeners of end of test
2018-02-27 15:50:45,584 INFO o.a.j.g.u.JMeterMenuBar: setRunning(false, *local*)
